c:\users\kevin\documents\febiosourcexxxx\vs2010\debug\febiomechd.bsc
c:\users\kevin\documents\febiosourcexxxx\vs2010\febiomech\debug\vc120.pdb
c:\users\kevin\documents\febiosourcexxxx\vs2010\febiomech\debug\vc120.idb
c:\users\kevin\documents\febiosourcexxxx\vs2010\febiomech\debug\fevonmisesplasticity.sbr
c:\users\kevin\documents\febiosourcexxxx\vs2010\febiomech\debug\feviscoelasticmaterial.sbr
c:\users\kevin\documents\febiosourcexxxx\vs2010\febiomech\debug\feverondawestmann.sbr
c:\users\kevin\documents\febiosourcexxxx\vs2010\febiomech\debug\feut4domain.sbr
c:\users\kevin\documents\febiosourcexxxx\vs2010\febiomech\debug\feuncoupledviscoelasticmaterial.sbr
c:\users\kevin\documents\febiosourcexxxx\vs2010\febiomech\debug\feuncoupledmaterial.sbr
c:\users\kevin\documents\febiosourcexxxx\vs2010\febiomech\debug\feuncoupledelasticmixture.sbr
c:\users\kevin\documents\febiosourcexxxx\vs2010\febiomech\debug\feuncoupledactivecontraction.sbr
c:\users\kevin\documents\febiosourcexxxx\vs2010\febiomech\debug\feudghexdomain.sbr
c:\users\kevin\documents\febiosourcexxxx\vs2010\febiomech\debug\fetrussmaterial.sbr
c:\users\kevin\documents\febiosourcexxxx\vs2010\febiomech\debug\fetransverselyisotropic.sbr
c:\users\kevin\documents\febiosourcexxxx\vs2010\febiomech\debug\fetransisoverondawestmann.sbr
c:\users\kevin\documents\febiosourcexxxx\vs2010\febiomech\debug\fetransisomooneyrivlin.sbr
c:\users\kevin\documents\febiosourcexxxx\vs2010\febiomech\debug\fetractionload.sbr
c:\users\kevin\documents\febiosourcexxxx\vs2010\febiomech\debug\fetiedinterface.sbr
c:\users\kevin\documents\febiosourcexxxx\vs2010\febiomech\debug\fetiedcontactsurface.sbr
c:\users\kevin\documents\febiosourcexxxx\vs2010\febiomech\debug\fetendonmaterial.sbr
c:\users\kevin\documents\febiosourcexxxx\vs2010\febiomech\debug\fetcnonlinearorthotropic.sbr
c:\users\kevin\documents\febiosourcexxxx\vs2010\febiomech\debug\fesurfaceconstraint.sbr
c:\users\kevin\documents\febiosourcexxxx\vs2010\febiomech\debug\festvenantkirchhoff.sbr
c:\users\kevin\documents\febiosourcexxxx\vs2010\febiomech\debug\festvenantkirchhoff.obj
c:\users\kevin\documents\febiosourcexxxx\vs2010\febiomech\debug\fesurfaceconstraint.obj
c:\users\kevin\documents\febiosourcexxxx\vs2010\febiomech\debug\fetcnonlinearorthotropic.obj
c:\users\kevin\documents\febiosourcexxxx\vs2010\febiomech\debug\fetendonmaterial.obj
c:\users\kevin\documents\febiosourcexxxx\vs2010\febiomech\debug\fetiedcontactsurface.obj
c:\users\kevin\documents\febiosourcexxxx\vs2010\febiomech\debug\fetiedinterface.obj
c:\users\kevin\documents\febiosourcexxxx\vs2010\febiomech\debug\fetractionload.obj
c:\users\kevin\documents\febiosourcexxxx\vs2010\febiomech\debug\fetransisomooneyrivlin.obj
c:\users\kevin\documents\febiosourcexxxx\vs2010\febiomech\debug\fetransisoverondawestmann.obj
c:\users\kevin\documents\febiosourcexxxx\vs2010\febiomech\debug\fetransverselyisotropic.obj
c:\users\kevin\documents\febiosourcexxxx\vs2010\febiomech\debug\fetrussmaterial.obj
c:\users\kevin\documents\febiosourcexxxx\vs2010\febiomech\debug\feudghexdomain.obj
c:\users\kevin\documents\febiosourcexxxx\vs2010\febiomech\debug\feuncoupledactivecontraction.obj
c:\users\kevin\documents\febiosourcexxxx\vs2010\febiomech\debug\feuncoupledelasticmixture.obj
c:\users\kevin\documents\febiosourcexxxx\vs2010\febiomech\debug\feuncoupledmaterial.obj
c:\users\kevin\documents\febiosourcexxxx\vs2010\febiomech\debug\feuncoupledviscoelasticmaterial.obj
c:\users\kevin\documents\febiosourcexxxx\vs2010\febiomech\debug\feut4domain.obj
c:\users\kevin\documents\febiosourcexxxx\vs2010\febiomech\debug\feverondawestmann.obj
c:\users\kevin\documents\febiosourcexxxx\vs2010\febiomech\debug\feviscoelasticmaterial.obj
c:\users\kevin\documents\febiosourcexxxx\vs2010\febiomech\debug\fevonmisesplasticity.obj
c:\users\kevin\documents\febiosourcexxxx\vs2010\febiomech\debug\festiffnessmatrix.sbr
c:\users\kevin\documents\febiosourcexxxx\vs2010\febiomech\debug\festickyinterface.sbr
c:\users\kevin\documents\febiosourcexxxx\vs2010\febiomech\debug\fesprprojection.sbr
c:\users\kevin\documents\febiosourcexxxx\vs2010\febiomech\debug\fespringmaterial.sbr
c:\users\kevin\documents\febiosourcexxxx\vs2010\febiomech\debug\fesphericalfiberdistribution.sbr
c:\users\kevin\documents\febiosourcexxxx\vs2010\febiomech\debug\fesolidsolver.sbr
c:\users\kevin\documents\febiosourcexxxx\vs2010\febiomech\debug\fesoliddomainfactory.sbr
c:\users\kevin\documents\febiosourcexxxx\vs2010\febiomech\debug\fesolidmaterial.sbr
c:\users\kevin\documents\febiosourcexxxx\vs2010\febiomech\debug\fesolidanalysis.sbr
c:\users\kevin\documents\febiosourcexxxx\vs2010\febiomech\debug\feslidinginterfacebw.sbr
c:\users\kevin\documents\febiosourcexxxx\vs2010\febiomech\debug\feslidinginterface.sbr
c:\users\kevin\documents\febiosourcexxxx\vs2010\febiomech\debug\ferigidwallinterface.sbr
c:\users\kevin\documents\febiosourcexxxx\vs2010\febiomech\debug\ferigidsurface.sbr
c:\users\kevin\documents\febiosourcexxxx\vs2010\febiomech\debug\ferigidsoliddomain.sbr
c:\users\kevin\documents\febiosourcexxxx\vs2010\febiomech\debug\ferigidshelldomain.sbr
c:\users\kevin\documents\febiosourcexxxx\vs2010\febiomech\debug\ferigidmaterial.sbr
c:\users\kevin\documents\febiosourcexxxx\vs2010\febiomech\debug\ferigidjoint.sbr
c:\users\kevin\documents\febiosourcexxxx\vs2010\febiomech\debug\feresidualvector.sbr
c:\users\kevin\documents\febiosourcexxxx\vs2010\febiomech\debug\feremodelingelasticmaterial.sbr
c:\users\kevin\documents\febiosourcexxxx\vs2010\febiomech\debug\feremodelingelasticdomain.sbr
c:\users\kevin\documents\febiosourcexxxx\vs2010\febiomech\debug\feremodelingelasticdomain.obj
c:\users\kevin\documents\febiosourcexxxx\vs2010\febiomech\debug\feremodelingelasticmaterial.obj
c:\users\kevin\documents\febiosourcexxxx\vs2010\febiomech\debug\feresidualvector.obj
c:\users\kevin\documents\febiosourcexxxx\vs2010\febiomech\debug\ferigidjoint.obj
c:\users\kevin\documents\febiosourcexxxx\vs2010\febiomech\debug\ferigidmaterial.obj
c:\users\kevin\documents\febiosourcexxxx\vs2010\febiomech\debug\ferigidshelldomain.obj
c:\users\kevin\documents\febiosourcexxxx\vs2010\febiomech\debug\ferigidsoliddomain.obj
c:\users\kevin\documents\febiosourcexxxx\vs2010\febiomech\debug\ferigidsurface.obj
c:\users\kevin\documents\febiosourcexxxx\vs2010\febiomech\debug\ferigidwallinterface.obj
c:\users\kevin\documents\febiosourcexxxx\vs2010\febiomech\debug\feslidinginterface.obj
c:\users\kevin\documents\febiosourcexxxx\vs2010\febiomech\debug\feslidinginterfacebw.obj
c:\users\kevin\documents\febiosourcexxxx\vs2010\febiomech\debug\fesolidanalysis.obj
c:\users\kevin\documents\febiosourcexxxx\vs2010\febiomech\debug\fesolidmaterial.obj
c:\users\kevin\documents\febiosourcexxxx\vs2010\febiomech\debug\fesoliddomainfactory.obj
c:\users\kevin\documents\febiosourcexxxx\vs2010\febiomech\debug\fesolidsolver.obj
c:\users\kevin\documents\febiosourcexxxx\vs2010\febiomech\debug\fesphericalfiberdistribution.obj
c:\users\kevin\documents\febiosourcexxxx\vs2010\febiomech\debug\fespringmaterial.obj
c:\users\kevin\documents\febiosourcexxxx\vs2010\febiomech\debug\fesprprojection.obj
c:\users\kevin\documents\febiosourcexxxx\vs2010\febiomech\debug\festickyinterface.obj
c:\users\kevin\documents\febiosourcexxxx\vs2010\febiomech\debug\festiffnessmatrix.obj
c:\users\kevin\documents\febiosourcexxxx\vs2010\febiomech\debug\feprlig.sbr
c:\users\kevin\documents\febiosourcexxxx\vs2010\febiomech\debug\feprestraintransisomr.sbr
c:\users\kevin\documents\febiosourcexxxx\vs2010\febiomech\debug\feprestrainelastic.sbr
c:\users\kevin\documents\febiosourcexxxx\vs2010\febiomech\debug\fepressureload.sbr
c:\users\kevin\documents\febiosourcexxxx\vs2010\febiomech\debug\fepointconstraint.sbr
c:\users\kevin\documents\febiosourcexxxx\vs2010\febiomech\debug\fepointbodyforce.sbr
c:\users\kevin\documents\febiosourcexxxx\vs2010\febiomech\debug\feperiodicboundary.sbr
c:\users\kevin\documents\febiosourcexxxx\vs2010\febiomech\debug\feperfectosmometer.sbr
c:\users\kevin\documents\febiosourcexxxx\vs2010\febiomech\debug\feorthoelastic.sbr
c:\users\kevin\documents\febiosourcexxxx\vs2010\febiomech\debug\feogdenunconstrained.sbr
c:\users\kevin\documents\febiosourcexxxx\vs2010\febiomech\debug\feogdenmaterial.sbr
c:\users\kevin\documents\febiosourcexxxx\vs2010\febiomech\debug\feneohookeantransiso.sbr
c:\users\kevin\documents\febiosourcexxxx\vs2010\febiomech\debug\feneohookean.sbr
c:\users\kevin\documents\febiosourcexxxx\vs2010\febiomech\debug\femusclematerial.sbr
c:\users\kevin\documents\febiosourcexxxx\vs2010\febiomech\debug\femrvonmisesfibers.sbr
c:\users\kevin\documents\febiosourcexxxx\vs2010\febiomech\debug\femooneyrivlin.sbr
c:\users\kevin\documents\febiosourcexxxx\vs2010\febiomech\debug\femicromaterial.sbr
c:\users\kevin\documents\febiosourcexxxx\vs2010\febiomech\debug\felineartransiso.sbr
c:\users\kevin\documents\febiosourcexxxx\vs2010\febiomech\debug\felinearsolidsolver.sbr
c:\users\kevin\documents\febiosourcexxxx\vs2010\febiomech\debug\felinearsoliddomain.sbr
c:\users\kevin\documents\febiosourcexxxx\vs2010\febiomech\debug\felinearsoliddomain.obj
c:\users\kevin\documents\febiosourcexxxx\vs2010\febiomech\debug\felinearsolidsolver.obj
c:\users\kevin\documents\febiosourcexxxx\vs2010\febiomech\debug\felineartransiso.obj
c:\users\kevin\documents\febiosourcexxxx\vs2010\febiomech\debug\femicromaterial.obj
c:\users\kevin\documents\febiosourcexxxx\vs2010\febiomech\debug\femooneyrivlin.obj
c:\users\kevin\documents\febiosourcexxxx\vs2010\febiomech\debug\femrvonmisesfibers.obj
c:\users\kevin\documents\febiosourcexxxx\vs2010\febiomech\debug\femusclematerial.obj
c:\users\kevin\documents\febiosourcexxxx\vs2010\febiomech\debug\feneohookean.obj
c:\users\kevin\documents\febiosourcexxxx\vs2010\febiomech\debug\feneohookeantransiso.obj
c:\users\kevin\documents\febiosourcexxxx\vs2010\febiomech\debug\feogdenmaterial.obj
c:\users\kevin\documents\febiosourcexxxx\vs2010\febiomech\debug\feogdenunconstrained.obj
c:\users\kevin\documents\febiosourcexxxx\vs2010\febiomech\debug\feorthoelastic.obj
c:\users\kevin\documents\febiosourcexxxx\vs2010\febiomech\debug\feperfectosmometer.obj
c:\users\kevin\documents\febiosourcexxxx\vs2010\febiomech\debug\feperiodicboundary.obj
c:\users\kevin\documents\febiosourcexxxx\vs2010\febiomech\debug\fepointbodyforce.obj
c:\users\kevin\documents\febiosourcexxxx\vs2010\febiomech\debug\fepointconstraint.obj
c:\users\kevin\documents\febiosourcexxxx\vs2010\febiomech\debug\fepressureload.obj
c:\users\kevin\documents\febiosourcexxxx\vs2010\febiomech\debug\feprestrainelastic.obj
c:\users\kevin\documents\febiosourcexxxx\vs2010\febiomech\debug\feprestraintransisomr.obj
c:\users\kevin\documents\febiosourcexxxx\vs2010\febiomech\debug\feprlig.obj
c:\users\kevin\documents\febiosourcexxxx\vs2010\febiomech\debug\felinearorthotropic.sbr
c:\users\kevin\documents\febiosourcexxxx\vs2010\febiomech\debug\felinearelastic.sbr
c:\users\kevin\documents\febiosourcexxxx\vs2010\febiomech\debug\feisotropicelastic.sbr
c:\users\kevin\documents\febiosourcexxxx\vs2010\febiomech\debug\feinsitustretch.sbr
c:\users\kevin\documents\febiosourcexxxx\vs2010\febiomech\debug\feincompneohookean.sbr
c:\users\kevin\documents\febiosourcexxxx\vs2010\febiomech\debug\fehuiskessupply.sbr
c:\users\kevin\documents\febiosourcexxxx\vs2010\febiomech\debug\feholmesmow.sbr
c:\users\kevin\documents\febiosourcexxxx\vs2010\febiomech\debug\fegasserogdenholzapfel.sbr
c:\users\kevin\documents\febiosourcexxxx\vs2010\febiomech\debug\fefungorthotropic.sbr
c:\users\kevin\documents\febiosourcexxxx\vs2010\febiomech\debug\fefungorthocompressible.sbr
c:\users\kevin\documents\febiosourcexxxx\vs2010\febiomech\debug\fefiberneohookean.sbr
c:\users\kevin\documents\febiosourcexxxx\vs2010\febiomech\debug\fefibermaterial.sbr
c:\users\kevin\documents\febiosourcexxxx\vs2010\febiomech\debug\fefiberintegrationtrapezoidal.sbr
c:\users\kevin\documents\febiosourcexxxx\vs2010\febiomech\debug\fefiberintegrationscheme.sbr
c:\users\kevin\documents\febiosourcexxxx\vs2010\febiomech\debug\fefiberintegrationgeodesic.sbr
c:\users\kevin\documents\febiosourcexxxx\vs2010\febiomech\debug\fefiberintegrationgauss.sbr
c:\users\kevin\documents\febiosourcexxxx\vs2010\febiomech\debug\fefiberexppowuncoupled.sbr
c:\users\kevin\documents\febiosourcexxxx\vs2010\febiomech\debug\fefiberexppow.sbr
c:\users\kevin\documents\febiosourcexxxx\vs2010\febiomech\debug\fefiberdensitydistribution.sbr
c:\users\kevin\documents\febiosourcexxxx\vs2010\febiomech\debug\fefacet2facettied.sbr
c:\users\kevin\documents\febiosourcexxxx\vs2010\febiomech\debug\fefacet2facettied.obj
c:\users\kevin\documents\febiosourcexxxx\vs2010\febiomech\debug\fefiberdensitydistribution.obj
c:\users\kevin\documents\febiosourcexxxx\vs2010\febiomech\debug\fefiberexppow.obj
c:\users\kevin\documents\febiosourcexxxx\vs2010\febiomech\debug\fefiberexppowuncoupled.obj
c:\users\kevin\documents\febiosourcexxxx\vs2010\febiomech\debug\fefiberintegrationgauss.obj
c:\users\kevin\documents\febiosourcexxxx\vs2010\febiomech\debug\fefiberintegrationgeodesic.obj
c:\users\kevin\documents\febiosourcexxxx\vs2010\febiomech\debug\fefiberintegrationscheme.obj
c:\users\kevin\documents\febiosourcexxxx\vs2010\febiomech\debug\fefiberintegrationtrapezoidal.obj
c:\users\kevin\documents\febiosourcexxxx\vs2010\febiomech\debug\fefibermaterial.obj
c:\users\kevin\documents\febiosourcexxxx\vs2010\febiomech\debug\fefiberneohookean.obj
c:\users\kevin\documents\febiosourcexxxx\vs2010\febiomech\debug\fefungorthocompressible.obj
c:\users\kevin\documents\febiosourcexxxx\vs2010\febiomech\debug\fefungorthotropic.obj
c:\users\kevin\documents\febiosourcexxxx\vs2010\febiomech\debug\fegasserogdenholzapfel.obj
c:\users\kevin\documents\febiosourcexxxx\vs2010\febiomech\debug\feholmesmow.obj
c:\users\kevin\documents\febiosourcexxxx\vs2010\febiomech\debug\fehuiskessupply.obj
c:\users\kevin\documents\febiosourcexxxx\vs2010\febiomech\debug\feincompneohookean.obj
c:\users\kevin\documents\febiosourcexxxx\vs2010\febiomech\debug\feinsitustretch.obj
c:\users\kevin\documents\febiosourcexxxx\vs2010\febiomech\debug\feisotropicelastic.obj
c:\users\kevin\documents\febiosourcexxxx\vs2010\febiomech\debug\felinearelastic.obj
c:\users\kevin\documents\febiosourcexxxx\vs2010\febiomech\debug\felinearorthotropic.obj
c:\users\kevin\documents\febiosourcexxxx\vs2010\febiomech\debug\fefacet2facetsliding.sbr
c:\users\kevin\documents\febiosourcexxxx\vs2010\febiomech\debug\feexplicitsolidsolver.sbr
c:\users\kevin\documents\febiosourcexxxx\vs2010\febiomech\debug\feellipsoidalfiberdistribution.sbr
c:\users\kevin\documents\febiosourcexxxx\vs2010\febiomech\debug\feelastictrussdomain.sbr
c:\users\kevin\documents\febiosourcexxxx\vs2010\febiomech\debug\feelasticsoliddomain.sbr
c:\users\kevin\documents\febiosourcexxxx\vs2010\febiomech\debug\feelasticshelldomain.sbr
c:\users\kevin\documents\febiosourcexxxx\vs2010\febiomech\debug\feelasticmultigeneration.sbr
c:\users\kevin\documents\febiosourcexxxx\vs2010\febiomech\debug\feelasticmixture.sbr
c:\users\kevin\documents\febiosourcexxxx\vs2010\febiomech\debug\feelasticmaterial.sbr
c:\users\kevin\documents\febiosourcexxxx\vs2010\febiomech\debug\feelasticfibermaterial.sbr
c:\users\kevin\documents\febiosourcexxxx\vs2010\febiomech\debug\feefdverondawestmann.sbr
c:\users\kevin\documents\febiosourcexxxx\vs2010\febiomech\debug\feefduncoupled.sbr
c:\users\kevin\documents\febiosourcexxxx\vs2010\febiomech\debug\feefdneohookean.sbr
c:\users\kevin\documents\febiosourcexxxx\vs2010\febiomech\debug\feefdmooneyrivlin.sbr
c:\users\kevin\documents\febiosourcexxxx\vs2010\febiomech\debug\feefddonnanequilibrium.sbr
c:\users\kevin\documents\febiosourcexxxx\vs2010\febiomech\debug\feefd.sbr
c:\users\kevin\documents\febiosourcexxxx\vs2010\febiomech\debug\fedonnanequilibrium.sbr
c:\users\kevin\documents\febiosourcexxxx\vs2010\febiomech\debug\fediscretespringdomain.sbr
c:\users\kevin\documents\febiosourcexxxx\vs2010\febiomech\debug\fedamagetransisomooneyrivlin.sbr
c:\users\kevin\documents\febiosourcexxxx\vs2010\febiomech\debug\fedamageneohookean.sbr
c:\users\kevin\documents\febiosourcexxxx\vs2010\febiomech\debug\fedamageneohookean.obj
c:\users\kevin\documents\febiosourcexxxx\vs2010\febiomech\debug\fedamagetransisomooneyrivlin.obj
c:\users\kevin\documents\febiosourcexxxx\vs2010\febiomech\debug\fediscretespringdomain.obj
c:\users\kevin\documents\febiosourcexxxx\vs2010\febiomech\debug\fedonnanequilibrium.obj
c:\users\kevin\documents\febiosourcexxxx\vs2010\febiomech\debug\feefd.obj
c:\users\kevin\documents\febiosourcexxxx\vs2010\febiomech\debug\feefddonnanequilibrium.obj
c:\users\kevin\documents\febiosourcexxxx\vs2010\febiomech\debug\feefdmooneyrivlin.obj
c:\users\kevin\documents\febiosourcexxxx\vs2010\febiomech\debug\feefdneohookean.obj
c:\users\kevin\documents\febiosourcexxxx\vs2010\febiomech\debug\feefduncoupled.obj
c:\users\kevin\documents\febiosourcexxxx\vs2010\febiomech\debug\feefdverondawestmann.obj
c:\users\kevin\documents\febiosourcexxxx\vs2010\febiomech\debug\feelasticfibermaterial.obj
c:\users\kevin\documents\febiosourcexxxx\vs2010\febiomech\debug\feelasticmaterial.obj
c:\users\kevin\documents\febiosourcexxxx\vs2010\febiomech\debug\feelasticmixture.obj
c:\users\kevin\documents\febiosourcexxxx\vs2010\febiomech\debug\feelasticmultigeneration.obj
c:\users\kevin\documents\febiosourcexxxx\vs2010\febiomech\debug\feelasticshelldomain.obj
c:\users\kevin\documents\febiosourcexxxx\vs2010\febiomech\debug\feelasticsoliddomain.obj
c:\users\kevin\documents\febiosourcexxxx\vs2010\febiomech\debug\feelastictrussdomain.obj
c:\users\kevin\documents\febiosourcexxxx\vs2010\febiomech\debug\feellipsoidalfiberdistribution.obj
c:\users\kevin\documents\febiosourcexxxx\vs2010\febiomech\debug\feexplicitsolidsolver.obj
c:\users\kevin\documents\febiosourcexxxx\vs2010\febiomech\debug\fefacet2facetsliding.obj
c:\users\kevin\documents\febiosourcexxxx\vs2010\febiomech\debug\fedamagemooneyrivlin.sbr
c:\users\kevin\documents\febiosourcexxxx\vs2010\febiomech\debug\fecoupledverondawestmann.sbr
c:\users\kevin\documents\febiosourcexxxx\vs2010\febiomech\debug\fecoupledtransisoverondawestmann.sbr
c:\users\kevin\documents\febiosourcexxxx\vs2010\febiomech\debug\fecoupledtransisomooneyrivlin.sbr
c:\users\kevin\documents\febiosourcexxxx\vs2010\febiomech\debug\fecoupledmooneyrivlin.sbr
c:\users\kevin\documents\febiosourcexxxx\vs2010\febiomech\debug\fecontinuousfiberdistribution.sbr
c:\users\kevin\documents\febiosourcexxxx\vs2010\febiomech\debug\fecontactsurface.sbr
c:\users\kevin\documents\febiosourcexxxx\vs2010\febiomech\debug\fecontactinterface.sbr
c:\users\kevin\documents\febiosourcexxxx\vs2010\febiomech\debug\feconstbodyforce.sbr
c:\users\kevin\documents\febiosourcexxxx\vs2010\febiomech\debug\fecgsolidsolver.sbr
c:\users\kevin\documents\febiosourcexxxx\vs2010\febiomech\debug\fecellgrowth.sbr
c:\users\kevin\documents\febiosourcexxxx\vs2010\febiomech\debug\fecarterhayesold.sbr
c:\users\kevin\documents\febiosourcexxxx\vs2010\febiomech\debug\febodyforce.sbr
c:\users\kevin\documents\febiosourcexxxx\vs2010\febiomech\debug\febiomechplot.sbr
c:\users\kevin\documents\febiosourcexxxx\vs2010\febiomech\debug\febiomechdata.sbr
c:\users\kevin\documents\febiosourcexxxx\vs2010\febiomech\debug\febiomech.sbr
c:\users\kevin\documents\febiosourcexxxx\vs2010\febiomech\debug\feauglaglinearconstraint.sbr
c:\users\kevin\documents\febiosourcexxxx\vs2010\febiomech\debug\fearrudaboyce.sbr
c:\users\kevin\documents\febiosourcexxxx\vs2010\febiomech\debug\fe3fieldelasticsoliddomain.sbr
c:\users\kevin\documents\febiosourcexxxx\vs2010\febiomech\debug\fe2dtransisoverondawestmann.sbr
c:\users\kevin\documents\febiosourcexxxx\vs2010\febiomech\debug\fe2dtransisoverondawestmann.obj
c:\users\kevin\documents\febiosourcexxxx\vs2010\febiomech\debug\fe3fieldelasticsoliddomain.obj
c:\users\kevin\documents\febiosourcexxxx\vs2010\febiomech\debug\fearrudaboyce.obj
c:\users\kevin\documents\febiosourcexxxx\vs2010\febiomech\debug\feauglaglinearconstraint.obj
c:\users\kevin\documents\febiosourcexxxx\vs2010\febiomech\debug\febiomech.obj
c:\users\kevin\documents\febiosourcexxxx\vs2010\febiomech\debug\febiomechdata.obj
c:\users\kevin\documents\febiosourcexxxx\vs2010\febiomech\debug\febiomechplot.obj
c:\users\kevin\documents\febiosourcexxxx\vs2010\febiomech\debug\febodyforce.obj
c:\users\kevin\documents\febiosourcexxxx\vs2010\febiomech\debug\fecarterhayesold.obj
c:\users\kevin\documents\febiosourcexxxx\vs2010\febiomech\debug\fecellgrowth.obj
c:\users\kevin\documents\febiosourcexxxx\vs2010\febiomech\debug\fecgsolidsolver.obj
c:\users\kevin\documents\febiosourcexxxx\vs2010\febiomech\debug\feconstbodyforce.obj
c:\users\kevin\documents\febiosourcexxxx\vs2010\febiomech\debug\fecontactinterface.obj
c:\users\kevin\documents\febiosourcexxxx\vs2010\febiomech\debug\fecontactsurface.obj
c:\users\kevin\documents\febiosourcexxxx\vs2010\febiomech\debug\fecontinuousfiberdistribution.obj
c:\users\kevin\documents\febiosourcexxxx\vs2010\febiomech\debug\fecoupledmooneyrivlin.obj
c:\users\kevin\documents\febiosourcexxxx\vs2010\febiomech\debug\fecoupledtransisomooneyrivlin.obj
c:\users\kevin\documents\febiosourcexxxx\vs2010\febiomech\debug\fecoupledtransisoverondawestmann.obj
c:\users\kevin\documents\febiosourcexxxx\vs2010\febiomech\debug\fecoupledverondawestmann.obj
c:\users\kevin\documents\febiosourcexxxx\vs2010\febiomech\debug\fedamagemooneyrivlin.obj
c:\users\kevin\documents\febiosourcexxxx\vs2010\febiomech\debug\fe2dtransisomooneyrivlin.sbr
c:\users\kevin\documents\febiosourcexxxx\vs2010\febiomech\debug\fe2dfiberneohookean.sbr
c:\users\kevin\documents\febiosourcexxxx\vs2010\febiomech\debug\fe2dfiberneohookean.obj
c:\users\kevin\documents\febiosourcexxxx\vs2010\febiomech\debug\fe2dtransisomooneyrivlin.obj
c:\users\kevin\documents\febiosourcexxxx\vs2010\debug\febiomechd.lib
c:\users\kevin\documents\febiosourcexxxx\vs2010\febiomech\debug\febiomech.tlog\bscmake.command.1.tlog
c:\users\kevin\documents\febiosourcexxxx\vs2010\febiomech\debug\febiomech.tlog\bscmake.read.1.tlog
c:\users\kevin\documents\febiosourcexxxx\vs2010\febiomech\debug\febiomech.tlog\bscmake.write.1.tlog
c:\users\kevin\documents\febiosourcexxxx\vs2010\febiomech\debug\febiomech.tlog\cl.command.1.tlog
c:\users\kevin\documents\febiosourcexxxx\vs2010\febiomech\debug\febiomech.tlog\cl.read.1.tlog
c:\users\kevin\documents\febiosourcexxxx\vs2010\febiomech\debug\febiomech.tlog\cl.write.1.tlog
c:\users\kevin\documents\febiosourcexxxx\vs2010\febiomech\debug\febiomech.tlog\lib-link.read.1.tlog
c:\users\kevin\documents\febiosourcexxxx\vs2010\febiomech\debug\febiomech.tlog\lib-link.write.1.tlog
c:\users\kevin\documents\febiosourcexxxx\vs2010\febiomech\debug\febiomech.tlog\lib.command.1.tlog
