c:\users\kevin\documents\febiosourcexxxx\vs2010\debug\fecored.bsc
c:\users\kevin\documents\febiosourcexxxx\vs2010\fecore\debug\vc120.pdb
c:\users\kevin\documents\febiosourcexxxx\vs2010\fecore\debug\vc120.idb
c:\users\kevin\documents\febiosourcexxxx\vs2010\fecore\debug\vector.sbr
c:\users\kevin\documents\febiosourcexxxx\vs2010\fecore\debug\timer.sbr
c:\users\kevin\documents\febiosourcexxxx\vs2010\fecore\debug\tens4d.sbr
c:\users\kevin\documents\febiosourcexxxx\vs2010\fecore\debug\svd.sbr
c:\users\kevin\documents\febiosourcexxxx\vs2010\fecore\debug\stdafx.sbr
c:\users\kevin\documents\febiosourcexxxx\vs2010\fecore\debug\sparsematrix.sbr
c:\users\kevin\documents\febiosourcexxxx\vs2010\fecore\debug\qsort.sbr
c:\users\kevin\documents\febiosourcexxxx\vs2010\fecore\debug\objectdatarecord.sbr
c:\users\kevin\documents\febiosourcexxxx\vs2010\fecore\debug\nodedatarecord.sbr
c:\users\kevin\documents\febiosourcexxxx\vs2010\fecore\debug\matrixprofile.sbr
c:\users\kevin\documents\febiosourcexxxx\vs2010\fecore\debug\matrix.sbr
c:\users\kevin\documents\febiosourcexxxx\vs2010\fecore\debug\mathparser.sbr
c:\users\kevin\documents\febiosourcexxxx\vs2010\fecore\debug\mat3d.sbr
c:\users\kevin\documents\febiosourcexxxx\vs2010\fecore\debug\logfile.sbr
c:\users\kevin\documents\febiosourcexxxx\vs2010\fecore\debug\loadcurve.sbr
c:\users\kevin\documents\febiosourcexxxx\vs2010\fecore\debug\linearsolver.sbr
c:\users\kevin\documents\febiosourcexxxx\vs2010\fecore\debug\image.sbr
c:\users\kevin\documents\febiosourcexxxx\vs2010\fecore\debug\fetrussdomain.sbr
c:\users\kevin\documents\febiosourcexxxx\vs2010\fecore\debug\fesurfacepairinteraction.sbr
c:\users\kevin\documents\febiosourcexxxx\vs2010\fecore\debug\fesurfaceload.sbr
c:\users\kevin\documents\febiosourcexxxx\vs2010\fecore\debug\fesurfaceload.obj
c:\users\kevin\documents\febiosourcexxxx\vs2010\fecore\debug\fesurfacepairinteraction.obj
c:\users\kevin\documents\febiosourcexxxx\vs2010\fecore\debug\fetrussdomain.obj
c:\users\kevin\documents\febiosourcexxxx\vs2010\fecore\debug\image.obj
c:\users\kevin\documents\febiosourcexxxx\vs2010\fecore\debug\linearsolver.obj
c:\users\kevin\documents\febiosourcexxxx\vs2010\fecore\debug\loadcurve.obj
c:\users\kevin\documents\febiosourcexxxx\vs2010\fecore\debug\logfile.obj
c:\users\kevin\documents\febiosourcexxxx\vs2010\fecore\debug\mat3d.obj
c:\users\kevin\documents\febiosourcexxxx\vs2010\fecore\debug\mathparser.obj
c:\users\kevin\documents\febiosourcexxxx\vs2010\fecore\debug\matrix.obj
c:\users\kevin\documents\febiosourcexxxx\vs2010\fecore\debug\matrixprofile.obj
c:\users\kevin\documents\febiosourcexxxx\vs2010\fecore\debug\nodedatarecord.obj
c:\users\kevin\documents\febiosourcexxxx\vs2010\fecore\debug\objectdatarecord.obj
c:\users\kevin\documents\febiosourcexxxx\vs2010\fecore\debug\qsort.obj
c:\users\kevin\documents\febiosourcexxxx\vs2010\fecore\debug\sparsematrix.obj
c:\users\kevin\documents\febiosourcexxxx\vs2010\fecore\debug\stdafx.obj
c:\users\kevin\documents\febiosourcexxxx\vs2010\fecore\debug\svd.obj
c:\users\kevin\documents\febiosourcexxxx\vs2010\fecore\debug\tens4d.obj
c:\users\kevin\documents\febiosourcexxxx\vs2010\fecore\debug\timer.obj
c:\users\kevin\documents\febiosourcexxxx\vs2010\fecore\debug\vector.obj
c:\users\kevin\documents\febiosourcexxxx\vs2010\fecore\debug\fesurface.sbr
c:\users\kevin\documents\febiosourcexxxx\vs2010\fecore\debug\fesolver.sbr
c:\users\kevin\documents\febiosourcexxxx\vs2010\fecore\debug\fesoliddomain.sbr
c:\users\kevin\documents\febiosourcexxxx\vs2010\fecore\debug\feshelldomain.sbr
c:\users\kevin\documents\febiosourcexxxx\vs2010\fecore\debug\ferigidbody.sbr
c:\users\kevin\documents\febiosourcexxxx\vs2010\fecore\debug\feplotdata.sbr
c:\users\kevin\documents\febiosourcexxxx\vs2010\fecore\debug\feparameterlist.sbr
c:\users\kevin\documents\febiosourcexxxx\vs2010\fecore\debug\feoctree.sbr
c:\users\kevin\documents\febiosourcexxxx\vs2010\fecore\debug\fenormalprojection.sbr
c:\users\kevin\documents\febiosourcexxxx\vs2010\fecore\debug\fenodereorder.sbr
c:\users\kevin\documents\febiosourcexxxx\vs2010\fecore\debug\fenodenodelist.sbr
c:\users\kevin\documents\febiosourcexxxx\vs2010\fecore\debug\fenodeelemlist.sbr
c:\users\kevin\documents\febiosourcexxxx\vs2010\fecore\debug\fennquery.sbr
c:\users\kevin\documents\febiosourcexxxx\vs2010\fecore\debug\fenlconstraint.sbr
c:\users\kevin\documents\febiosourcexxxx\vs2010\fecore\debug\femodelcomponent.sbr
c:\users\kevin\documents\febiosourcexxxx\vs2010\fecore\debug\femodel.sbr
c:\users\kevin\documents\febiosourcexxxx\vs2010\fecore\debug\femesh.sbr
c:\users\kevin\documents\febiosourcexxxx\vs2010\fecore\debug\fematerialpoint.sbr
c:\users\kevin\documents\febiosourcexxxx\vs2010\fecore\debug\fematerial.sbr
c:\users\kevin\documents\febiosourcexxxx\vs2010\fecore\debug\felinearconstraint.sbr
c:\users\kevin\documents\febiosourcexxxx\vs2010\fecore\debug\felinearconstraint.obj
c:\users\kevin\documents\febiosourcexxxx\vs2010\fecore\debug\fematerial.obj
c:\users\kevin\documents\febiosourcexxxx\vs2010\fecore\debug\fematerialpoint.obj
c:\users\kevin\documents\febiosourcexxxx\vs2010\fecore\debug\femesh.obj
c:\users\kevin\documents\febiosourcexxxx\vs2010\fecore\debug\femodel.obj
c:\users\kevin\documents\febiosourcexxxx\vs2010\fecore\debug\femodelcomponent.obj
c:\users\kevin\documents\febiosourcexxxx\vs2010\fecore\debug\fenlconstraint.obj
c:\users\kevin\documents\febiosourcexxxx\vs2010\fecore\debug\fennquery.obj
c:\users\kevin\documents\febiosourcexxxx\vs2010\fecore\debug\fenodeelemlist.obj
c:\users\kevin\documents\febiosourcexxxx\vs2010\fecore\debug\fenodenodelist.obj
c:\users\kevin\documents\febiosourcexxxx\vs2010\fecore\debug\fenodereorder.obj
c:\users\kevin\documents\febiosourcexxxx\vs2010\fecore\debug\fenormalprojection.obj
c:\users\kevin\documents\febiosourcexxxx\vs2010\fecore\debug\feoctree.obj
c:\users\kevin\documents\febiosourcexxxx\vs2010\fecore\debug\feparameterlist.obj
c:\users\kevin\documents\febiosourcexxxx\vs2010\fecore\debug\feplotdata.obj
c:\users\kevin\documents\febiosourcexxxx\vs2010\fecore\debug\ferigidbody.obj
c:\users\kevin\documents\febiosourcexxxx\vs2010\fecore\debug\feshelldomain.obj
c:\users\kevin\documents\febiosourcexxxx\vs2010\fecore\debug\fesoliddomain.obj
c:\users\kevin\documents\febiosourcexxxx\vs2010\fecore\debug\fesolver.obj
c:\users\kevin\documents\febiosourcexxxx\vs2010\fecore\debug\fesurface.obj
c:\users\kevin\documents\febiosourcexxxx\vs2010\fecore\debug\felevelstructure.sbr
c:\users\kevin\documents\febiosourcexxxx\vs2010\fecore\debug\feglobalvector.sbr
c:\users\kevin\documents\febiosourcexxxx\vs2010\fecore\debug\feglobalmatrix.sbr
c:\users\kevin\documents\febiosourcexxxx\vs2010\fecore\debug\feglobaldata.sbr
c:\users\kevin\documents\febiosourcexxxx\vs2010\fecore\debug\feexception.sbr
c:\users\kevin\documents\febiosourcexxxx\vs2010\fecore\debug\feelementtraits.sbr
c:\users\kevin\documents\febiosourcexxxx\vs2010\fecore\debug\feelementlibrary.sbr
c:\users\kevin\documents\febiosourcexxxx\vs2010\fecore\debug\feelement.sbr
c:\users\kevin\documents\febiosourcexxxx\vs2010\fecore\debug\feelemelemlist.sbr
c:\users\kevin\documents\febiosourcexxxx\vs2010\fecore\debug\fedomain.sbr
c:\users\kevin\documents\febiosourcexxxx\vs2010\fecore\debug\fediscretematerial.sbr
c:\users\kevin\documents\febiosourcexxxx\vs2010\fecore\debug\fediscretedomain.sbr
c:\users\kevin\documents\febiosourcexxxx\vs2010\fecore\debug\fecoretask.sbr
c:\users\kevin\documents\febiosourcexxxx\vs2010\fecore\debug\fecorekernel.sbr
c:\users\kevin\documents\febiosourcexxxx\vs2010\fecore\debug\fecorefactory.sbr
c:\users\kevin\documents\febiosourcexxxx\vs2010\fecore\debug\fecorebase.sbr
c:\users\kevin\documents\febiosourcexxxx\vs2010\fecore\debug\fecore.sbr
c:\users\kevin\documents\febiosourcexxxx\vs2010\fecore\debug\fecoordsysmap.sbr
c:\users\kevin\documents\febiosourcexxxx\vs2010\fecore\debug\feclosestpointprojection.sbr
c:\users\kevin\documents\febiosourcexxxx\vs2010\fecore\debug\feboundarycondition.sbr
c:\users\kevin\documents\febiosourcexxxx\vs2010\fecore\debug\feboundarycondition.obj
c:\users\kevin\documents\febiosourcexxxx\vs2010\fecore\debug\feclosestpointprojection.obj
c:\users\kevin\documents\febiosourcexxxx\vs2010\fecore\debug\fecoordsysmap.obj
c:\users\kevin\documents\febiosourcexxxx\vs2010\fecore\debug\fecore.obj
c:\users\kevin\documents\febiosourcexxxx\vs2010\fecore\debug\fecorebase.obj
c:\users\kevin\documents\febiosourcexxxx\vs2010\fecore\debug\fecorefactory.obj
c:\users\kevin\documents\febiosourcexxxx\vs2010\fecore\debug\fecorekernel.obj
c:\users\kevin\documents\febiosourcexxxx\vs2010\fecore\debug\fecoretask.obj
c:\users\kevin\documents\febiosourcexxxx\vs2010\fecore\debug\fediscretedomain.obj
c:\users\kevin\documents\febiosourcexxxx\vs2010\fecore\debug\fediscretematerial.obj
c:\users\kevin\documents\febiosourcexxxx\vs2010\fecore\debug\fedomain.obj
c:\users\kevin\documents\febiosourcexxxx\vs2010\fecore\debug\feelemelemlist.obj
c:\users\kevin\documents\febiosourcexxxx\vs2010\fecore\debug\feelement.obj
c:\users\kevin\documents\febiosourcexxxx\vs2010\fecore\debug\feelementlibrary.obj
c:\users\kevin\documents\febiosourcexxxx\vs2010\fecore\debug\feelementtraits.obj
c:\users\kevin\documents\febiosourcexxxx\vs2010\fecore\debug\feexception.obj
c:\users\kevin\documents\febiosourcexxxx\vs2010\fecore\debug\feglobaldata.obj
c:\users\kevin\documents\febiosourcexxxx\vs2010\fecore\debug\feglobalmatrix.obj
c:\users\kevin\documents\febiosourcexxxx\vs2010\fecore\debug\feglobalvector.obj
c:\users\kevin\documents\febiosourcexxxx\vs2010\fecore\debug\felevelstructure.obj
c:\users\kevin\documents\febiosourcexxxx\vs2010\fecore\debug\febodyload.sbr
c:\users\kevin\documents\febiosourcexxxx\vs2010\fecore\debug\feanalysis.sbr
c:\users\kevin\documents\febiosourcexxxx\vs2010\fecore\debug\elementdatarecord.sbr
c:\users\kevin\documents\febiosourcexxxx\vs2010\fecore\debug\dumpstream.sbr
c:\users\kevin\documents\febiosourcexxxx\vs2010\fecore\debug\dumpfile.sbr
c:\users\kevin\documents\febiosourcexxxx\vs2010\fecore\debug\dofs.sbr
c:\users\kevin\documents\febiosourcexxxx\vs2010\fecore\debug\datastore.sbr
c:\users\kevin\documents\febiosourcexxxx\vs2010\fecore\debug\colsol.sbr
c:\users\kevin\documents\febiosourcexxxx\vs2010\fecore\debug\bfgssolver.sbr
c:\users\kevin\documents\febiosourcexxxx\vs2010\fecore\debug\archive.sbr
c:\users\kevin\documents\febiosourcexxxx\vs2010\fecore\debug\archive.obj
c:\users\kevin\documents\febiosourcexxxx\vs2010\fecore\debug\bfgssolver.obj
c:\users\kevin\documents\febiosourcexxxx\vs2010\fecore\debug\colsol.obj
c:\users\kevin\documents\febiosourcexxxx\vs2010\fecore\debug\datastore.obj
c:\users\kevin\documents\febiosourcexxxx\vs2010\fecore\debug\dofs.obj
c:\users\kevin\documents\febiosourcexxxx\vs2010\fecore\debug\dumpfile.obj
c:\users\kevin\documents\febiosourcexxxx\vs2010\fecore\debug\dumpstream.obj
c:\users\kevin\documents\febiosourcexxxx\vs2010\fecore\debug\elementdatarecord.obj
c:\users\kevin\documents\febiosourcexxxx\vs2010\fecore\debug\feanalysis.obj
c:\users\kevin\documents\febiosourcexxxx\vs2010\fecore\debug\febodyload.obj
c:\users\kevin\documents\febiosourcexxxx\vs2010\debug\fecored.lib
c:\users\kevin\documents\febiosourcexxxx\vs2010\fecore\debug\fecore.tlog\bscmake.command.1.tlog
c:\users\kevin\documents\febiosourcexxxx\vs2010\fecore\debug\fecore.tlog\bscmake.read.1.tlog
c:\users\kevin\documents\febiosourcexxxx\vs2010\fecore\debug\fecore.tlog\bscmake.write.1.tlog
c:\users\kevin\documents\febiosourcexxxx\vs2010\fecore\debug\fecore.tlog\cl.command.1.tlog
c:\users\kevin\documents\febiosourcexxxx\vs2010\fecore\debug\fecore.tlog\cl.read.1.tlog
c:\users\kevin\documents\febiosourcexxxx\vs2010\fecore\debug\fecore.tlog\cl.write.1.tlog
c:\users\kevin\documents\febiosourcexxxx\vs2010\fecore\debug\fecore.tlog\lib-link.read.1.tlog
c:\users\kevin\documents\febiosourcexxxx\vs2010\fecore\debug\fecore.tlog\lib-link.write.1.tlog
c:\users\kevin\documents\febiosourcexxxx\vs2010\fecore\debug\fecore.tlog\lib.command.1.tlog
