c:\users\kevin\documents\febiosourcexxxx\vs2010\debug\febioheatd.bsc
c:\users\kevin\documents\febiosourcexxxx\vs2010\febioheat\debug\vc120.pdb
c:\users\kevin\documents\febiosourcexxxx\vs2010\febioheat\debug\vc120.idb
c:\users\kevin\documents\febiosourcexxxx\vs2010\febioheat\debug\feplotnodetemperature.sbr
c:\users\kevin\documents\febiosourcexxxx\vs2010\febioheat\debug\feplotheatflux.sbr
c:\users\kevin\documents\febiosourcexxxx\vs2010\febioheat\debug\feisotropicfourier.sbr
c:\users\kevin\documents\febiosourcexxxx\vs2010\febioheat\debug\feheattransferanalysis.sbr
c:\users\kevin\documents\febiosourcexxxx\vs2010\febioheat\debug\feheatstiffnessmatrix.sbr
c:\users\kevin\documents\febiosourcexxxx\vs2010\febioheat\debug\feheatsource.sbr
c:\users\kevin\documents\febiosourcexxxx\vs2010\febioheat\debug\feheatsolver.sbr
c:\users\kevin\documents\febiosourcexxxx\vs2010\febioheat\debug\feheatsoliddomain.sbr
c:\users\kevin\documents\febiosourcexxxx\vs2010\febioheat\debug\feheatflux.sbr
c:\users\kevin\documents\febiosourcexxxx\vs2010\febioheat\debug\feheatdomainfactory.sbr
c:\users\kevin\documents\febiosourcexxxx\vs2010\febioheat\debug\fecoupledheatsolidsolver.sbr
c:\users\kevin\documents\febiosourcexxxx\vs2010\febioheat\debug\feconvectiveheatflux.sbr
c:\users\kevin\documents\febiosourcexxxx\vs2010\febioheat\debug\febioheat.sbr
c:\users\kevin\documents\febiosourcexxxx\vs2010\febioheat\debug\febioheat.obj
c:\users\kevin\documents\febiosourcexxxx\vs2010\febioheat\debug\feconvectiveheatflux.obj
c:\users\kevin\documents\febiosourcexxxx\vs2010\febioheat\debug\fecoupledheatsolidsolver.obj
c:\users\kevin\documents\febiosourcexxxx\vs2010\febioheat\debug\feheatdomainfactory.obj
c:\users\kevin\documents\febiosourcexxxx\vs2010\febioheat\debug\feheatflux.obj
c:\users\kevin\documents\febiosourcexxxx\vs2010\febioheat\debug\feheatsoliddomain.obj
c:\users\kevin\documents\febiosourcexxxx\vs2010\febioheat\debug\feheatsolver.obj
c:\users\kevin\documents\febiosourcexxxx\vs2010\febioheat\debug\feheatsource.obj
c:\users\kevin\documents\febiosourcexxxx\vs2010\febioheat\debug\feheatstiffnessmatrix.obj
c:\users\kevin\documents\febiosourcexxxx\vs2010\febioheat\debug\feheattransferanalysis.obj
c:\users\kevin\documents\febiosourcexxxx\vs2010\febioheat\debug\feisotropicfourier.obj
c:\users\kevin\documents\febiosourcexxxx\vs2010\febioheat\debug\feplotheatflux.obj
c:\users\kevin\documents\febiosourcexxxx\vs2010\febioheat\debug\feplotnodetemperature.obj
c:\users\kevin\documents\febiosourcexxxx\vs2010\debug\febioheatd.lib
c:\users\kevin\documents\febiosourcexxxx\vs2010\febioheat\debug\febioheat.tlog\bscmake.command.1.tlog
c:\users\kevin\documents\febiosourcexxxx\vs2010\febioheat\debug\febioheat.tlog\bscmake.read.1.tlog
c:\users\kevin\documents\febiosourcexxxx\vs2010\febioheat\debug\febioheat.tlog\bscmake.write.1.tlog
c:\users\kevin\documents\febiosourcexxxx\vs2010\febioheat\debug\febioheat.tlog\cl.command.1.tlog
c:\users\kevin\documents\febiosourcexxxx\vs2010\febioheat\debug\febioheat.tlog\cl.read.1.tlog
c:\users\kevin\documents\febiosourcexxxx\vs2010\febioheat\debug\febioheat.tlog\cl.write.1.tlog
c:\users\kevin\documents\febiosourcexxxx\vs2010\febioheat\debug\febioheat.tlog\lib-link.read.1.tlog
c:\users\kevin\documents\febiosourcexxxx\vs2010\febioheat\debug\febioheat.tlog\lib-link.write.1.tlog
c:\users\kevin\documents\febiosourcexxxx\vs2010\febioheat\debug\febioheat.tlog\lib.command.1.tlog
