c:\users\kevin\documents\febiosourcexxxx\vs2010\debug\febiomixd.bsc
c:\users\kevin\documents\febiosourcexxxx\vs2010\febiomix\debug\vc120.pdb
c:\users\kevin\documents\febiosourcexxxx\vs2010\febiomix\debug\vc120.idb
c:\users\kevin\documents\febiosourcexxxx\vs2010\febiomix\debug\fetriphasicdomain.sbr
c:\users\kevin\documents\febiosourcexxxx\vs2010\febiomix\debug\fetriphasic.sbr
c:\users\kevin\documents\febiosourcexxxx\vs2010\febiomix\debug\fetiedbiphasicinterface.sbr
c:\users\kevin\documents\febiosourcexxxx\vs2010\febiomix\debug\fesupplysynthesisbinding.sbr
c:\users\kevin\documents\febiosourcexxxx\vs2010\febiomix\debug\fesupplymichaelismenten.sbr
c:\users\kevin\documents\febiosourcexxxx\vs2010\febiomix\debug\fesupplyconst.sbr
c:\users\kevin\documents\febiosourcexxxx\vs2010\febiomix\debug\fesupplybinding.sbr
c:\users\kevin\documents\febiosourcexxxx\vs2010\febiomix\debug\fesolventsupplystarling.sbr
c:\users\kevin\documents\febiosourcexxxx\vs2010\febiomix\debug\fesolventsupply.sbr
c:\users\kevin\documents\febiosourcexxxx\vs2010\febiomix\debug\fesolutesmaterialpoint.sbr
c:\users\kevin\documents\febiosourcexxxx\vs2010\febiomix\debug\fesoluteflux.sbr
c:\users\kevin\documents\febiosourcexxxx\vs2010\febiomix\debug\fesolute.sbr
c:\users\kevin\documents\febiosourcexxxx\vs2010\febiomix\debug\fesolubconst.sbr
c:\users\kevin\documents\febiosourcexxxx\vs2010\febiomix\debug\feslidinginterfacemp.sbr
c:\users\kevin\documents\febiosourcexxxx\vs2010\febiomix\debug\feslidinginterface3.sbr
c:\users\kevin\documents\febiosourcexxxx\vs2010\febiomix\debug\feslidinginterface2.sbr
c:\users\kevin\documents\febiosourcexxxx\vs2010\febiomix\debug\fesfdsbm.sbr
c:\users\kevin\documents\febiosourcexxxx\vs2010\febiomix\debug\fereactionratehuiskes.sbr
c:\users\kevin\documents\febiosourcexxxx\vs2010\febiomix\debug\fereactionrateconst.sbr
c:\users\kevin\documents\febiosourcexxxx\vs2010\febiomix\debug\feporotraction.sbr
c:\users\kevin\documents\febiosourcexxxx\vs2010\febiomix\debug\feporotraction.obj
c:\users\kevin\documents\febiosourcexxxx\vs2010\febiomix\debug\fereactionrateconst.obj
c:\users\kevin\documents\febiosourcexxxx\vs2010\febiomix\debug\fereactionratehuiskes.obj
c:\users\kevin\documents\febiosourcexxxx\vs2010\febiomix\debug\fesfdsbm.obj
c:\users\kevin\documents\febiosourcexxxx\vs2010\febiomix\debug\feslidinginterface2.obj
c:\users\kevin\documents\febiosourcexxxx\vs2010\febiomix\debug\feslidinginterface3.obj
c:\users\kevin\documents\febiosourcexxxx\vs2010\febiomix\debug\feslidinginterfacemp.obj
c:\users\kevin\documents\febiosourcexxxx\vs2010\febiomix\debug\fesolubconst.obj
c:\users\kevin\documents\febiosourcexxxx\vs2010\febiomix\debug\fesolute.obj
c:\users\kevin\documents\febiosourcexxxx\vs2010\febiomix\debug\fesoluteflux.obj
c:\users\kevin\documents\febiosourcexxxx\vs2010\febiomix\debug\fesolutesmaterialpoint.obj
c:\users\kevin\documents\febiosourcexxxx\vs2010\febiomix\debug\fesolventsupply.obj
c:\users\kevin\documents\febiosourcexxxx\vs2010\febiomix\debug\fesolventsupplystarling.obj
c:\users\kevin\documents\febiosourcexxxx\vs2010\febiomix\debug\fesupplybinding.obj
c:\users\kevin\documents\febiosourcexxxx\vs2010\febiomix\debug\fesupplyconst.obj
c:\users\kevin\documents\febiosourcexxxx\vs2010\febiomix\debug\fesupplymichaelismenten.obj
c:\users\kevin\documents\febiosourcexxxx\vs2010\febiomix\debug\fesupplysynthesisbinding.obj
c:\users\kevin\documents\febiosourcexxxx\vs2010\febiomix\debug\fetiedbiphasicinterface.obj
c:\users\kevin\documents\febiosourcexxxx\vs2010\febiomix\debug\fetriphasic.obj
c:\users\kevin\documents\febiosourcexxxx\vs2010\febiomix\debug\fetriphasicdomain.obj
c:\users\kevin\documents\febiosourcexxxx\vs2010\febiomix\debug\fepermreftransiso.sbr
c:\users\kevin\documents\febiosourcexxxx\vs2010\febiomix\debug\fepermrefortho.sbr
c:\users\kevin\documents\febiosourcexxxx\vs2010\febiomix\debug\fepermrefiso.sbr
c:\users\kevin\documents\febiosourcexxxx\vs2010\febiomix\debug\fepermholmesmow.sbr
c:\users\kevin\documents\febiosourcexxxx\vs2010\febiomix\debug\fepermconstiso.sbr
c:\users\kevin\documents\febiosourcexxxx\vs2010\febiomix\debug\feosmoticcoefficient.sbr
c:\users\kevin\documents\febiosourcexxxx\vs2010\febiomix\debug\feosmcoefconst.sbr
c:\users\kevin\documents\febiosourcexxxx\vs2010\febiomix\debug\femultiphasicstandard.sbr
c:\users\kevin\documents\febiosourcexxxx\vs2010\febiomix\debug\femultiphasicsolver.sbr
c:\users\kevin\documents\febiosourcexxxx\vs2010\febiomix\debug\femultiphasicmultigeneration.sbr
c:\users\kevin\documents\febiosourcexxxx\vs2010\febiomix\debug\femultiphasicdomain.sbr
c:\users\kevin\documents\febiosourcexxxx\vs2010\febiomix\debug\femultiphasicanalysis.sbr
c:\users\kevin\documents\febiosourcexxxx\vs2010\febiomix\debug\femultiphasic.sbr
c:\users\kevin\documents\febiosourcexxxx\vs2010\febiomix\debug\femichaelismenten.sbr
c:\users\kevin\documents\febiosourcexxxx\vs2010\febiomix\debug\femassactionreversible.sbr
c:\users\kevin\documents\febiosourcexxxx\vs2010\febiomix\debug\femassactionforward.sbr
c:\users\kevin\documents\febiosourcexxxx\vs2010\febiomix\debug\fefluidflux.sbr
c:\users\kevin\documents\febiosourcexxxx\vs2010\febiomix\debug\fediffrefiso.sbr
c:\users\kevin\documents\febiosourcexxxx\vs2010\febiomix\debug\fediffconstortho.sbr
c:\users\kevin\documents\febiosourcexxxx\vs2010\febiomix\debug\fediffconstiso.sbr
c:\users\kevin\documents\febiosourcexxxx\vs2010\febiomix\debug\fediffconstiso.obj
c:\users\kevin\documents\febiosourcexxxx\vs2010\febiomix\debug\fediffconstortho.obj
c:\users\kevin\documents\febiosourcexxxx\vs2010\febiomix\debug\fediffrefiso.obj
c:\users\kevin\documents\febiosourcexxxx\vs2010\febiomix\debug\fefluidflux.obj
c:\users\kevin\documents\febiosourcexxxx\vs2010\febiomix\debug\femassactionforward.obj
c:\users\kevin\documents\febiosourcexxxx\vs2010\febiomix\debug\femassactionreversible.obj
c:\users\kevin\documents\febiosourcexxxx\vs2010\febiomix\debug\femichaelismenten.obj
c:\users\kevin\documents\febiosourcexxxx\vs2010\febiomix\debug\femultiphasic.obj
c:\users\kevin\documents\febiosourcexxxx\vs2010\febiomix\debug\femultiphasicanalysis.obj
c:\users\kevin\documents\febiosourcexxxx\vs2010\febiomix\debug\femultiphasicdomain.obj
c:\users\kevin\documents\febiosourcexxxx\vs2010\febiomix\debug\femultiphasicmultigeneration.obj
c:\users\kevin\documents\febiosourcexxxx\vs2010\febiomix\debug\femultiphasicsolver.obj
c:\users\kevin\documents\febiosourcexxxx\vs2010\febiomix\debug\femultiphasicstandard.obj
c:\users\kevin\documents\febiosourcexxxx\vs2010\febiomix\debug\feosmcoefconst.obj
c:\users\kevin\documents\febiosourcexxxx\vs2010\febiomix\debug\feosmoticcoefficient.obj
c:\users\kevin\documents\febiosourcexxxx\vs2010\febiomix\debug\fepermconstiso.obj
c:\users\kevin\documents\febiosourcexxxx\vs2010\febiomix\debug\fepermholmesmow.obj
c:\users\kevin\documents\febiosourcexxxx\vs2010\febiomix\debug\fepermrefiso.obj
c:\users\kevin\documents\febiosourcexxxx\vs2010\febiomix\debug\fepermrefortho.obj
c:\users\kevin\documents\febiosourcexxxx\vs2010\febiomix\debug\fepermreftransiso.obj
c:\users\kevin\documents\febiosourcexxxx\vs2010\febiomix\debug\feconcentrationindependentreaction.sbr
c:\users\kevin\documents\febiosourcexxxx\vs2010\febiomix\debug\fechemicalreaction.sbr
c:\users\kevin\documents\febiosourcexxxx\vs2010\febiomix\debug\fecarterhayes.sbr
c:\users\kevin\documents\febiosourcexxxx\vs2010\febiomix\debug\febiphasicsolver.sbr
c:\users\kevin\documents\febiosourcexxxx\vs2010\febiomix\debug\febiphasicsolutesolver.sbr
c:\users\kevin\documents\febiosourcexxxx\vs2010\febiomix\debug\febiphasicsolutedomain.sbr
c:\users\kevin\documents\febiosourcexxxx\vs2010\febiomix\debug\febiphasicsolute.sbr
c:\users\kevin\documents\febiosourcexxxx\vs2010\febiomix\debug\febiphasicsoliddomain.sbr
c:\users\kevin\documents\febiosourcexxxx\vs2010\febiomix\debug\femixdomainfactory.sbr
c:\users\kevin\documents\febiosourcexxxx\vs2010\febiomix\debug\fehydraulicpermeability.sbr
c:\users\kevin\documents\febiosourcexxxx\vs2010\febiomix\debug\fediffalbroiso.sbr
c:\users\kevin\documents\febiosourcexxxx\vs2010\febiomix\debug\febiphasicsoluteanalysis.sbr
c:\users\kevin\documents\febiosourcexxxx\vs2010\febiomix\debug\febiphasiccontactsurface.sbr
c:\users\kevin\documents\febiosourcexxxx\vs2010\febiomix\debug\febiphasicanalysis.sbr
c:\users\kevin\documents\febiosourcexxxx\vs2010\febiomix\debug\febiphasic.sbr
c:\users\kevin\documents\febiosourcexxxx\vs2010\febiomix\debug\febiomixplot.sbr
c:\users\kevin\documents\febiosourcexxxx\vs2010\febiomix\debug\febiomixdata.sbr
c:\users\kevin\documents\febiosourcexxxx\vs2010\febiomix\debug\febiomix.sbr
c:\users\kevin\documents\febiosourcexxxx\vs2010\febiomix\debug\febiomix.obj
c:\users\kevin\documents\febiosourcexxxx\vs2010\febiomix\debug\febiomixdata.obj
c:\users\kevin\documents\febiosourcexxxx\vs2010\febiomix\debug\febiomixplot.obj
c:\users\kevin\documents\febiosourcexxxx\vs2010\febiomix\debug\febiphasic.obj
c:\users\kevin\documents\febiosourcexxxx\vs2010\febiomix\debug\febiphasicanalysis.obj
c:\users\kevin\documents\febiosourcexxxx\vs2010\febiomix\debug\febiphasiccontactsurface.obj
c:\users\kevin\documents\febiosourcexxxx\vs2010\febiomix\debug\febiphasicsoluteanalysis.obj
c:\users\kevin\documents\febiosourcexxxx\vs2010\febiomix\debug\fediffalbroiso.obj
c:\users\kevin\documents\febiosourcexxxx\vs2010\febiomix\debug\fehydraulicpermeability.obj
c:\users\kevin\documents\febiosourcexxxx\vs2010\febiomix\debug\femixdomainfactory.obj
c:\users\kevin\documents\febiosourcexxxx\vs2010\febiomix\debug\febiphasicsoliddomain.obj
c:\users\kevin\documents\febiosourcexxxx\vs2010\febiomix\debug\febiphasicsolute.obj
c:\users\kevin\documents\febiosourcexxxx\vs2010\febiomix\debug\febiphasicsolutedomain.obj
c:\users\kevin\documents\febiosourcexxxx\vs2010\febiomix\debug\febiphasicsolutesolver.obj
c:\users\kevin\documents\febiosourcexxxx\vs2010\febiomix\debug\febiphasicsolver.obj
c:\users\kevin\documents\febiosourcexxxx\vs2010\febiomix\debug\fecarterhayes.obj
c:\users\kevin\documents\febiosourcexxxx\vs2010\febiomix\debug\fechemicalreaction.obj
c:\users\kevin\documents\febiosourcexxxx\vs2010\febiomix\debug\feconcentrationindependentreaction.obj
c:\users\kevin\documents\febiosourcexxxx\vs2010\debug\febiomixd.lib
c:\users\kevin\documents\febiosourcexxxx\vs2010\febiomix\debug\febiomix.tlog\bscmake.command.1.tlog
c:\users\kevin\documents\febiosourcexxxx\vs2010\febiomix\debug\febiomix.tlog\bscmake.read.1.tlog
c:\users\kevin\documents\febiosourcexxxx\vs2010\febiomix\debug\febiomix.tlog\bscmake.write.1.tlog
c:\users\kevin\documents\febiosourcexxxx\vs2010\febiomix\debug\febiomix.tlog\cl.command.1.tlog
c:\users\kevin\documents\febiosourcexxxx\vs2010\febiomix\debug\febiomix.tlog\cl.read.1.tlog
c:\users\kevin\documents\febiosourcexxxx\vs2010\febiomix\debug\febiomix.tlog\cl.write.1.tlog
c:\users\kevin\documents\febiosourcexxxx\vs2010\febiomix\debug\febiomix.tlog\lib-link.read.1.tlog
c:\users\kevin\documents\febiosourcexxxx\vs2010\febiomix\debug\febiomix.tlog\lib-link.write.1.tlog
c:\users\kevin\documents\febiosourcexxxx\vs2010\febiomix\debug\febiomix.tlog\lib.command.1.tlog
