c:\users\kevin\documents\febiosourcexxxx\vs2010\debug\numcored.bsc
c:\users\kevin\documents\febiosourcexxxx\vs2010\numcore\debug\vc120.pdb
c:\users\kevin\documents\febiosourcexxxx\vs2010\numcore\debug\vc120.idb
c:\users\kevin\documents\febiosourcexxxx\vs2010\numcore\debug\wsmpsolver.sbr
c:\users\kevin\documents\febiosourcexxxx\vs2010\numcore\debug\superlu_mt_solver.sbr
c:\users\kevin\documents\febiosourcexxxx\vs2010\numcore\debug\superlusolver.sbr
c:\users\kevin\documents\febiosourcexxxx\vs2010\numcore\debug\stdafx.sbr
c:\users\kevin\documents\febiosourcexxxx\vs2010\numcore\debug\skylinesolver.sbr
c:\users\kevin\documents\febiosourcexxxx\vs2010\numcore\debug\skylinematrix.sbr
c:\users\kevin\documents\febiosourcexxxx\vs2010\numcore\debug\rcicgsolver.sbr
c:\users\kevin\documents\febiosourcexxxx\vs2010\numcore\debug\psldltsolver.sbr
c:\users\kevin\documents\febiosourcexxxx\vs2010\numcore\debug\pardisosolverdl.sbr
c:\users\kevin\documents\febiosourcexxxx\vs2010\numcore\debug\pardisosolver.sbr
c:\users\kevin\documents\febiosourcexxxx\vs2010\numcore\debug\numcore.sbr
c:\users\kevin\documents\febiosourcexxxx\vs2010\numcore\debug\lusolver.sbr
c:\users\kevin\documents\febiosourcexxxx\vs2010\numcore\debug\densematrix.sbr
c:\users\kevin\documents\febiosourcexxxx\vs2010\numcore\debug\conjgraditersolver.sbr
c:\users\kevin\documents\febiosourcexxxx\vs2010\numcore\debug\compactmatrix.sbr
c:\users\kevin\documents\febiosourcexxxx\vs2010\numcore\debug\compactmatrix.obj
c:\users\kevin\documents\febiosourcexxxx\vs2010\numcore\debug\conjgraditersolver.obj
c:\users\kevin\documents\febiosourcexxxx\vs2010\numcore\debug\densematrix.obj
c:\users\kevin\documents\febiosourcexxxx\vs2010\numcore\debug\lusolver.obj
c:\users\kevin\documents\febiosourcexxxx\vs2010\numcore\debug\numcore.obj
c:\users\kevin\documents\febiosourcexxxx\vs2010\numcore\debug\pardisosolver.obj
c:\users\kevin\documents\febiosourcexxxx\vs2010\numcore\debug\pardisosolverdl.obj
c:\users\kevin\documents\febiosourcexxxx\vs2010\numcore\debug\psldltsolver.obj
c:\users\kevin\documents\febiosourcexxxx\vs2010\numcore\debug\rcicgsolver.obj
c:\users\kevin\documents\febiosourcexxxx\vs2010\numcore\debug\skylinematrix.obj
c:\users\kevin\documents\febiosourcexxxx\vs2010\numcore\debug\skylinesolver.obj
c:\users\kevin\documents\febiosourcexxxx\vs2010\numcore\debug\stdafx.obj
c:\users\kevin\documents\febiosourcexxxx\vs2010\numcore\debug\superlusolver.obj
c:\users\kevin\documents\febiosourcexxxx\vs2010\numcore\debug\superlu_mt_solver.obj
c:\users\kevin\documents\febiosourcexxxx\vs2010\numcore\debug\wsmpsolver.obj
c:\users\kevin\documents\febiosourcexxxx\vs2010\debug\numcored.lib
c:\users\kevin\documents\febiosourcexxxx\vs2010\numcore\debug\numcore.tlog\bscmake.command.1.tlog
c:\users\kevin\documents\febiosourcexxxx\vs2010\numcore\debug\numcore.tlog\bscmake.read.1.tlog
c:\users\kevin\documents\febiosourcexxxx\vs2010\numcore\debug\numcore.tlog\bscmake.write.1.tlog
c:\users\kevin\documents\febiosourcexxxx\vs2010\numcore\debug\numcore.tlog\cl.command.1.tlog
c:\users\kevin\documents\febiosourcexxxx\vs2010\numcore\debug\numcore.tlog\cl.read.1.tlog
c:\users\kevin\documents\febiosourcexxxx\vs2010\numcore\debug\numcore.tlog\cl.write.1.tlog
c:\users\kevin\documents\febiosourcexxxx\vs2010\numcore\debug\numcore.tlog\lib-link.read.1.tlog
c:\users\kevin\documents\febiosourcexxxx\vs2010\numcore\debug\numcore.tlog\lib-link.write.1.tlog
c:\users\kevin\documents\febiosourcexxxx\vs2010\numcore\debug\numcore.tlog\lib.command.1.tlog
