c:\users\kevin\documents\febiosourcexxxx\vs2010\debug\febioxmld.bsc
c:\users\kevin\documents\febiosourcexxxx\vs2010\febioxml\debug\vc120.pdb
c:\users\kevin\documents\febiosourcexxxx\vs2010\febioxml\debug\vc120.idb
c:\users\kevin\documents\febiosourcexxxx\vs2010\febioxml\debug\xmlreader.sbr
c:\users\kevin\documents\febiosourcexxxx\vs2010\febioxml\debug\fileimport.sbr
c:\users\kevin\documents\febiosourcexxxx\vs2010\febioxml\debug\ferestartimport.sbr
c:\users\kevin\documents\febiosourcexxxx\vs2010\febioxml\debug\febiostepsection.sbr
c:\users\kevin\documents\febiosourcexxxx\vs2010\febioxml\debug\febiooutputsection.sbr
c:\users\kevin\documents\febiosourcexxxx\vs2010\febioxml\debug\febiomodulesection.sbr
c:\users\kevin\documents\febiosourcexxxx\vs2010\febioxml\debug\febiomaterialsection.sbr
c:\users\kevin\documents\febiosourcexxxx\vs2010\febioxml\debug\febioloadssection.sbr
c:\users\kevin\documents\febiosourcexxxx\vs2010\febioxml\debug\febioloaddatasection.sbr
c:\users\kevin\documents\febiosourcexxxx\vs2010\febioxml\debug\febioinitialsection.sbr
c:\users\kevin\documents\febiosourcexxxx\vs2010\febioxml\debug\febioimport.sbr
c:\users\kevin\documents\febiosourcexxxx\vs2010\febioxml\debug\febioglobalssection.sbr
c:\users\kevin\documents\febiosourcexxxx\vs2010\febioxml\debug\febiogeometrysection.sbr
c:\users\kevin\documents\febiosourcexxxx\vs2010\febioxml\debug\febiodiscretesection.sbr
c:\users\kevin\documents\febiosourcexxxx\vs2010\febioxml\debug\febiocontrolsection.sbr
c:\users\kevin\documents\febiosourcexxxx\vs2010\febioxml\debug\febiocontactsection.sbr
c:\users\kevin\documents\febiosourcexxxx\vs2010\febioxml\debug\febioconstraintssection.sbr
c:\users\kevin\documents\febiosourcexxxx\vs2010\febioxml\debug\febioboundarysection.sbr
c:\users\kevin\documents\febiosourcexxxx\vs2010\febioxml\debug\febioboundarysection.obj
c:\users\kevin\documents\febiosourcexxxx\vs2010\febioxml\debug\febioconstraintssection.obj
c:\users\kevin\documents\febiosourcexxxx\vs2010\febioxml\debug\febiocontactsection.obj
c:\users\kevin\documents\febiosourcexxxx\vs2010\febioxml\debug\febiocontrolsection.obj
c:\users\kevin\documents\febiosourcexxxx\vs2010\febioxml\debug\febiodiscretesection.obj
c:\users\kevin\documents\febiosourcexxxx\vs2010\febioxml\debug\febiogeometrysection.obj
c:\users\kevin\documents\febiosourcexxxx\vs2010\febioxml\debug\febioglobalssection.obj
c:\users\kevin\documents\febiosourcexxxx\vs2010\febioxml\debug\febioimport.obj
c:\users\kevin\documents\febiosourcexxxx\vs2010\febioxml\debug\febioinitialsection.obj
c:\users\kevin\documents\febiosourcexxxx\vs2010\febioxml\debug\febioloaddatasection.obj
c:\users\kevin\documents\febiosourcexxxx\vs2010\febioxml\debug\febioloadssection.obj
c:\users\kevin\documents\febiosourcexxxx\vs2010\febioxml\debug\febiomaterialsection.obj
c:\users\kevin\documents\febiosourcexxxx\vs2010\febioxml\debug\febiomodulesection.obj
c:\users\kevin\documents\febiosourcexxxx\vs2010\febioxml\debug\febiooutputsection.obj
c:\users\kevin\documents\febiosourcexxxx\vs2010\febioxml\debug\febiostepsection.obj
c:\users\kevin\documents\febiosourcexxxx\vs2010\febioxml\debug\ferestartimport.obj
c:\users\kevin\documents\febiosourcexxxx\vs2010\febioxml\debug\fileimport.obj
c:\users\kevin\documents\febiosourcexxxx\vs2010\febioxml\debug\xmlreader.obj
c:\users\kevin\documents\febiosourcexxxx\vs2010\debug\febioxmld.lib
c:\users\kevin\documents\febiosourcexxxx\vs2010\febioxml\debug\febioxml.tlog\bscmake.command.1.tlog
c:\users\kevin\documents\febiosourcexxxx\vs2010\febioxml\debug\febioxml.tlog\bscmake.read.1.tlog
c:\users\kevin\documents\febiosourcexxxx\vs2010\febioxml\debug\febioxml.tlog\bscmake.write.1.tlog
c:\users\kevin\documents\febiosourcexxxx\vs2010\febioxml\debug\febioxml.tlog\cl.command.1.tlog
c:\users\kevin\documents\febiosourcexxxx\vs2010\febioxml\debug\febioxml.tlog\cl.read.1.tlog
c:\users\kevin\documents\febiosourcexxxx\vs2010\febioxml\debug\febioxml.tlog\cl.write.1.tlog
c:\users\kevin\documents\febiosourcexxxx\vs2010\febioxml\debug\febioxml.tlog\lib-link.read.1.tlog
c:\users\kevin\documents\febiosourcexxxx\vs2010\febioxml\debug\febioxml.tlog\lib-link.write.1.tlog
c:\users\kevin\documents\febiosourcexxxx\vs2010\febioxml\debug\febioxml.tlog\lib.command.1.tlog
