c:\users\kevin\documents\febiosourcexxxx\vs2010\debug\febioopt.bsc
c:\users\kevin\documents\febiosourcexxxx\vs2010\febioopt\debug\vc120.pdb
c:\users\kevin\documents\febiosourcexxxx\vs2010\febioopt\debug\vc120.idb
c:\users\kevin\documents\febiosourcexxxx\vs2010\febioopt\debug\fescanoptimizemethod.sbr
c:\users\kevin\documents\febiosourcexxxx\vs2010\febioopt\debug\fepowelloptimizemethod.sbr
c:\users\kevin\documents\febiosourcexxxx\vs2010\febioopt\debug\felmoptimizemethod.sbr
c:\users\kevin\documents\febiosourcexxxx\vs2010\febioopt\debug\feoptimizer.sbr
c:\users\kevin\documents\febiosourcexxxx\vs2010\febioopt\debug\feoptimize.sbr
c:\users\kevin\documents\febiosourcexxxx\vs2010\febioopt\debug\feconstrainedlmoptimizemethod.sbr
c:\users\kevin\documents\febiosourcexxxx\vs2010\febioopt\debug\febioopt.sbr
c:\users\kevin\documents\febiosourcexxxx\vs2010\febioopt\debug\febioopt.obj
c:\users\kevin\documents\febiosourcexxxx\vs2010\febioopt\debug\feconstrainedlmoptimizemethod.obj
c:\users\kevin\documents\febiosourcexxxx\vs2010\febioopt\debug\feoptimize.obj
c:\users\kevin\documents\febiosourcexxxx\vs2010\febioopt\debug\feoptimizer.obj
c:\users\kevin\documents\febiosourcexxxx\vs2010\febioopt\debug\felmoptimizemethod.obj
c:\users\kevin\documents\febiosourcexxxx\vs2010\febioopt\debug\fepowelloptimizemethod.obj
c:\users\kevin\documents\febiosourcexxxx\vs2010\febioopt\debug\fescanoptimizemethod.obj
c:\users\kevin\documents\febiosourcexxxx\vs2010\debug\febiooptd.lib
c:\users\kevin\documents\febiosourcexxxx\vs2010\febioopt\debug\febioopt.tlog\bscmake.command.1.tlog
c:\users\kevin\documents\febiosourcexxxx\vs2010\febioopt\debug\febioopt.tlog\bscmake.read.1.tlog
c:\users\kevin\documents\febiosourcexxxx\vs2010\febioopt\debug\febioopt.tlog\bscmake.write.1.tlog
c:\users\kevin\documents\febiosourcexxxx\vs2010\febioopt\debug\febioopt.tlog\cl.command.1.tlog
c:\users\kevin\documents\febiosourcexxxx\vs2010\febioopt\debug\febioopt.tlog\cl.read.1.tlog
c:\users\kevin\documents\febiosourcexxxx\vs2010\febioopt\debug\febioopt.tlog\cl.write.1.tlog
c:\users\kevin\documents\febiosourcexxxx\vs2010\febioopt\debug\febioopt.tlog\lib-link.read.1.tlog
c:\users\kevin\documents\febiosourcexxxx\vs2010\febioopt\debug\febioopt.tlog\lib-link.write.1.tlog
c:\users\kevin\documents\febiosourcexxxx\vs2010\febioopt\debug\febioopt.tlog\lib.command.1.tlog
