c:\users\kevin\documents\febiosourcexxxx\vs2010\debug\febio2.bsc
c:\users\kevin\documents\febiosourcexxxx\vs2010\febio2\debug\vc120.pdb
c:\users\kevin\documents\febiosourcexxxx\vs2010\febio2\debug\vc120.idb
c:\users\kevin\documents\febiosourcexxxx\vs2010\febio2\debug\stdafx.sbr
c:\users\kevin\documents\febiosourcexxxx\vs2010\febio2\debug\plugin.sbr
c:\users\kevin\documents\febiosourcexxxx\vs2010\febio2\debug\interrupt.sbr
c:\users\kevin\documents\febiosourcexxxx\vs2010\febio2\debug\fetangentdiagnostic.sbr
c:\users\kevin\documents\febiosourcexxxx\vs2010\febio2\debug\feprintmatrixdiagnostic.sbr
c:\users\kevin\documents\febiosourcexxxx\vs2010\febio2\debug\feprinthbmatrixdiagnostic.sbr
c:\users\kevin\documents\febiosourcexxxx\vs2010\febio2\debug\fememorydiagnostic.sbr
c:\users\kevin\documents\febiosourcexxxx\vs2010\febio2\debug\fediagnostic.sbr
c:\users\kevin\documents\febiosourcexxxx\vs2010\febio2\debug\fecontactdiagnostic.sbr
c:\users\kevin\documents\febiosourcexxxx\vs2010\febio2\debug\febiostdsolver.sbr
c:\users\kevin\documents\febiosourcexxxx\vs2010\febio2\debug\febiocommand.sbr
c:\users\kevin\documents\febiosourcexxxx\vs2010\febio2\debug\febio.sbr
c:\users\kevin\documents\febiosourcexxxx\vs2010\febio2\debug\diagnose.sbr
c:\users\kevin\documents\febiosourcexxxx\vs2010\febio2\debug\console.sbr
c:\users\kevin\documents\febiosourcexxxx\vs2010\febio2\debug\commandmanager.sbr
c:\users\kevin\documents\febiosourcexxxx\vs2010\febio2\debug\commandmanager.obj
c:\users\kevin\documents\febiosourcexxxx\vs2010\febio2\debug\console.obj
c:\users\kevin\documents\febiosourcexxxx\vs2010\febio2\debug\diagnose.obj
c:\users\kevin\documents\febiosourcexxxx\vs2010\febio2\debug\febio.obj
c:\users\kevin\documents\febiosourcexxxx\vs2010\febio2\debug\febiocommand.obj
c:\users\kevin\documents\febiosourcexxxx\vs2010\febio2\debug\febiostdsolver.obj
c:\users\kevin\documents\febiosourcexxxx\vs2010\febio2\debug\fecontactdiagnostic.obj
c:\users\kevin\documents\febiosourcexxxx\vs2010\febio2\debug\fediagnostic.obj
c:\users\kevin\documents\febiosourcexxxx\vs2010\febio2\debug\fememorydiagnostic.obj
c:\users\kevin\documents\febiosourcexxxx\vs2010\febio2\debug\feprinthbmatrixdiagnostic.obj
c:\users\kevin\documents\febiosourcexxxx\vs2010\febio2\debug\feprintmatrixdiagnostic.obj
c:\users\kevin\documents\febiosourcexxxx\vs2010\febio2\debug\fetangentdiagnostic.obj
c:\users\kevin\documents\febiosourcexxxx\vs2010\febio2\debug\interrupt.obj
c:\users\kevin\documents\febiosourcexxxx\vs2010\febio2\debug\plugin.obj
c:\users\kevin\documents\febiosourcexxxx\vs2010\febio2\debug\stdafx.obj
c:\users\kevin\documents\febiosourcexxxx\vs2010\debug\febio2.ilk
c:\users\kevin\documents\febiosourcexxxx\vs2010\debug\febio2.exe
c:\users\kevin\documents\febiosourcexxxx\vs2010\debug\febio2.pdb
c:\users\kevin\documents\febiosourcexxxx\vs2010\febio2\debug\febio2.res
c:\users\kevin\documents\febiosourcexxxx\vs2010\febio2\debug\febio2.tlog\bscmake.command.1.tlog
c:\users\kevin\documents\febiosourcexxxx\vs2010\febio2\debug\febio2.tlog\bscmake.read.1.tlog
c:\users\kevin\documents\febiosourcexxxx\vs2010\febio2\debug\febio2.tlog\bscmake.write.1.tlog
c:\users\kevin\documents\febiosourcexxxx\vs2010\febio2\debug\febio2.tlog\cl.command.1.tlog
c:\users\kevin\documents\febiosourcexxxx\vs2010\febio2\debug\febio2.tlog\cl.read.1.tlog
c:\users\kevin\documents\febiosourcexxxx\vs2010\febio2\debug\febio2.tlog\cl.write.1.tlog
c:\users\kevin\documents\febiosourcexxxx\vs2010\febio2\debug\febio2.tlog\link.command.1.tlog
c:\users\kevin\documents\febiosourcexxxx\vs2010\febio2\debug\febio2.tlog\link.read.1.tlog
c:\users\kevin\documents\febiosourcexxxx\vs2010\febio2\debug\febio2.tlog\link.write.1.tlog
c:\users\kevin\documents\febiosourcexxxx\vs2010\febio2\debug\febio2.tlog\rc.command.1.tlog
c:\users\kevin\documents\febiosourcexxxx\vs2010\febio2\debug\febio2.tlog\rc.read.1.tlog
c:\users\kevin\documents\febiosourcexxxx\vs2010\febio2\debug\febio2.tlog\rc.write.1.tlog
