Build started 09/02/2018 15:47:26.
     1>Project "C:\Users\kbronik.ANNASACH\Desktop\working folder\test febio\febiosourceextendedversion2\febiosource2extended\VS2013\NumCore\NumCore.vcxproj" on node 2 (Rebuild target(s)).
     1>ClCompile:
         C:\Program Files (x86)\Microsoft Visual Studio 12.0\VC\bin\CL.exe /c /I"C:\Program Files\Intel\MKL\10.2.6.037\include" /ZI /nologo /W3 /WX- /Od /Oy- /D WIN32 /D _DEBUG /D _LIB /D PARDISO /D MKL_ISS /D _UNICODE /D UNICODE /Gm /EHsc /RTC1 /MDd /GS /fp:precise /Zc:wchar_t /Zc:forScope /Fo"Debug\\" /Fd"Debug\vc120.pdb" /FR"Debug\\" /Gd /TP /analyze- /errorReport:prompt ..\..\NumCore\CompactMatrix.cpp ..\..\NumCore\ConjGradIterSolver.cpp ..\..\NumCore\DenseMatrix.cpp ..\..\NumCore\LUSolver.cpp ..\..\NumCore\NumCore.cpp ..\..\NumCore\PardisoSolver.cpp ..\..\NumCore\PardisoSolverDL.cpp ..\..\NumCore\PSLDLTSolver.cpp ..\..\NumCore\RCICGSolver.cpp ..\..\NumCore\SkylineMatrix.cpp ..\..\NumCore\SkylineSolver.cpp ..\..\NumCore\stdafx.cpp ..\..\NumCore\SuperLUSolver.cpp ..\..\NumCore\SuperLU_MT_Solver.cpp ..\..\NumCore\WSMPSolver.cpp
         WSMPSolver.cpp
         SuperLU_MT_Solver.cpp
         SuperLUSolver.cpp
         stdafx.cpp
         SkylineSolver.cpp
         SkylineMatrix.cpp
         RCICGSolver.cpp
         PSLDLTSolver.cpp
         PardisoSolverDL.cpp
         PardisoSolver.cpp
         NumCore.cpp
         LUSolver.cpp
         DenseMatrix.cpp
         ConjGradIterSolver.cpp
         CompactMatrix.cpp
         Generating Code...
       Lib:
         C:\Program Files (x86)\Microsoft Visual Studio 12.0\VC\bin\Lib.exe /OUT:"C:\Users\kbronik.ANNASACH\Desktop\working folder\test febio\febiosourceextendedversion2\febiosource2extended\VS2013\Debug\NumCored.lib" /NOLOGO Debug\CompactMatrix.obj
         Debug\ConjGradIterSolver.obj
         Debug\DenseMatrix.obj
         Debug\LUSolver.obj
         Debug\NumCore.obj
         Debug\PardisoSolver.obj
         Debug\PardisoSolverDL.obj
         Debug\PSLDLTSolver.obj
         Debug\RCICGSolver.obj
         Debug\SkylineMatrix.obj
         Debug\SkylineSolver.obj
         Debug\stdafx.obj
         Debug\SuperLUSolver.obj
         Debug\SuperLU_MT_Solver.obj
         Debug\WSMPSolver.obj
     1>PardisoSolverDL.obj : warning LNK4221: This object file does not define any previously undefined public symbols, so it will not be used by any link operation that consumes this library
         NumCore.vcxproj -> C:\Users\kbronik.ANNASACH\Desktop\working folder\test febio\febiosourceextendedversion2\febiosource2extended\VS2013\Debug\NumCored.lib
       BscMake:
         C:\Program Files (x86)\Microsoft Visual Studio 12.0\VC\bin\bscmake.exe /nologo /o"C:\Users\kbronik.ANNASACH\Desktop\working folder\test febio\febiosourceextendedversion2\febiosource2extended\VS2013\Debug\NumCored.bsc" /n Debug\CompactMatrix.sbr Debug\ConjGradIterSolver.sbr Debug\DenseMatrix.sbr Debug\LUSolver.sbr Debug\NumCore.sbr Debug\PardisoSolver.sbr Debug\PardisoSolverDL.sbr Debug\PSLDLTSolver.sbr Debug\RCICGSolver.sbr Debug\SkylineMatrix.sbr Debug\SkylineSolver.sbr Debug\stdafx.sbr Debug\SuperLUSolver.sbr Debug\SuperLU_MT_Solver.sbr Debug\WSMPSolver.sbr
     1>Done Building Project "C:\Users\kbronik.ANNASACH\Desktop\working folder\test febio\febiosourceextendedversion2\febiosource2extended\VS2013\NumCore\NumCore.vcxproj" (Rebuild target(s)).

Build succeeded.

Time Elapsed 00:00:17.09
