Build started 09/02/2018 15:47:26.
     1>Project "C:\Users\kbronik.ANNASACH\Desktop\working folder\test febio\febiosourceextendedversion2\febiosource2extended\VS2013\FEBioMech\FEBioMech.vcxproj" on node 3 (Rebuild target(s)).
     1>ClCompile:
         C:\Program Files (x86)\Microsoft Visual Studio 12.0\VC\bin\CL.exe /c /ZI /nologo /W3 /WX- /Od /Oy- /D WIN32 /D _DEBUG /D _LIB /D _UNICODE /D UNICODE /Gm /EHsc /RTC1 /MDd /GS /fp:precise /Zc:wchar_t /Zc:forScope /Fo"Debug\\" /Fd"Debug\vc120.pdb" /FR"Debug\\" /Gd /TP /analyze- /errorReport:prompt ..\..\FEBioMech\FE2DFiberNeoHookean.cpp ..\..\FEBioMech\FE2DTransIsoMooneyRivlin.cpp ..\..\FEBioMech\FE2DTransIsoVerondaWestmann.cpp ..\..\FEBioMech\FE3FieldElasticSolidDomain.cpp ..\..\FEBioMech\FEArrudaBoyce.cpp ..\..\FEBioMech\FEAugLagLinearConstraint.cpp ..\..\FEBioMech\FEBioMech.cpp ..\..\FEBioMech\FEBioMechData.cpp ..\..\FEBioMech\FEBioMechPlot.cpp ..\..\FEBioMech\FEBodyForce.cpp ..\..\FEBioMech\FECarterHayesOld.cpp ..\..\FEBioMech\FECellGrowth.cpp ..\..\FEBioMech\FECGSolidSolver.cpp ..\..\FEBioMech\FEConstBodyForce.cpp ..\..\FEBioMech\FEContactInterface.cpp ..\..\FEBioMech\FEContactSurface.cpp ..\..\FEBioMech\FEContinuousFiberDistribution.cpp ..\..\FEBioMech\FECoupledMooneyRivlin.cpp ..\..\FEBioMech\FECoupledTransIsoMooneyRivlin.cpp ..\..\FEBioMech\FECoupledTransIsoVerondaWestmann.cpp ..\..\FEBioMech\FECoupledVerondaWestmann.cpp ..\..\FEBioMech\FEDamageMooneyRivlin.cpp ..\..\FEBioMech\FEDamageNeoHookean.cpp ..\..\FEBioMech\FEDamageTransIsoMooneyRivlin.cpp ..\..\FEBioMech\FEDiscreteSpringDomain.cpp ..\..\FEBioMech\FEDonnanEquilibrium.cpp ..\..\FEBioMech\FEEFD.cpp ..\..\FEBioMech\FEEFDDonnanEquilibrium.cpp ..\..\FEBioMech\FEEFDMooneyRivlin.cpp ..\..\FEBioMech\FEEFDNeoHookean.cpp ..\..\FEBioMech\FEEFDUncoupled.cpp ..\..\FEBioMech\FEEFDVerondaWestmann.cpp ..\..\FEBioMech\FEElasticFiberMaterial.cpp ..\..\FEBioMech\FEElasticMaterial.cpp ..\..\FEBioMech\FEElasticMixture.cpp ..\..\FEBioMech\FEElasticMultigeneration.cpp ..\..\FEBioMech\FEElasticShellDomain.cpp ..\..\FEBioMech\FEElasticSolidDomain.cpp ..\..\FEBioMech\FEElasticTrussDomain.cpp ..\..\FEBioMech\FEEllipsoidalFiberDistribution.cpp ..\..\FEBioMech\FEExplicitSolidSolver.cpp ..\..\FEBioMech\FEFacet2FacetSliding.cpp ..\..\FEBioMech\FEFacet2FacetTied.cpp ..\..\FEBioMech\FEFiberDensityDistribution.cpp ..\..\FEBioMech\FEFiberExpPow.cpp ..\..\FEBioMech\FEFiberExpPowUncoupled.cpp ..\..\FEBioMech\FEFiberIntegrationGauss.cpp ..\..\FEBioMech\FEFiberIntegrationGeodesic.cpp ..\..\FEBioMech\FEFiberIntegrationScheme.cpp ..\..\FEBioMech\FEFiberIntegrationTrapezoidal.cpp ..\..\FEBioMech\FEFiberMaterial.cpp ..\..\FEBioMech\FEFiberNeoHookean.cpp ..\..\FEBioMech\FEFungOrthoCompressible.cpp ..\..\FEBioMech\FEFungOrthotropic.cpp ..\..\FEBioMech\FEGasserOgdenHolzapfel.cpp ..\..\FEBioMech\FEHolmesMow.cpp ..\..\FEBioMech\FEHuiskesSupply.cpp ..\..\FEBioMech\FEIncompNeoHookean.cpp ..\..\FEBioMech\FEInSituStretch.cpp ..\..\FEBioMech\FEIsotropicElastic.cpp ..\..\FEBioMech\FELinearElastic.cpp ..\..\FEBioMech\FELinearOrthotropic.cpp ..\..\FEBioMech\FELinearSolidDomain.cpp ..\..\FEBioMech\FELinearSolidSolver.cpp ..\..\FEBioMech\FELinearTransIso.cpp ..\..\FEBioMech\FEMicroMaterial.cpp ..\..\FEBioMech\FEMooneyRivlin.cpp ..\..\FEBioMech\FEMRVonMisesFibers.cpp ..\..\FEBioMech\FEMuscleMaterial.cpp ..\..\FEBioMech\FENeoHookean.cpp ..\..\FEBioMech\FENeoHookeanTransIso.cpp ..\..\FEBioMech\FEOgdenMaterial.cpp ..\..\FEBioMech\FEOgdenUnconstrained.cpp ..\..\FEBioMech\FEOrthoElastic.cpp ..\..\FEBioMech\FEPerfectOsmometer.cpp ..\..\FEBioMech\FEPeriodicBoundary.cpp ..\..\FEBioMech\FEPointBodyForce.cpp ..\..\FEBioMech\FEPointConstraint.cpp ..\..\FEBioMech\FEPressureLoad.cpp ..\..\FEBioMech\FEPreStrainElastic.cpp ..\..\FEBioMech\FEPreStrainTransIsoMR.cpp ..\..\FEBioMech\FEPRLig.cpp ..\..\FEBioMech\FERemodelingElasticDomain.cpp ..\..\FEBioMech\FERemodelingElasticMaterial.cpp ..\..\FEBioMech\FEResidualVector.cpp ..\..\FEBioMech\FERigidJoint.cpp ..\..\FEBioMech\FERigidMaterial.cpp ..\..\FEBioMech\FERigidShellDomain.cpp ..\..\FEBioMech\FERigidSolidDomain.cpp ..\..\FEBioMech\FERigidSurface.cpp ..\..\FEBioMech\FERigidWallInterface.cpp ..\..\FEBioMech\FESlidingInterface.cpp ..\..\FEBioMech\FESlidingInterfaceBW.cpp ..\..\FEBioMech\FESolidAnalysis.cpp ..\..\FEBioMech\FESolidMaterial.cpp ..\..\FEBioMech\FESolidDomainFactory.cpp ..\..\FEBioMech\FESolidSolver.cpp ..\..\FEBioMech\FESphericalFiberDistribution.cpp ..\..\FEBioMech\FESpringMaterial.cpp ..\..\FEBioMech\FESPRProjection.cpp ..\..\FEBioMech\FEStickyInterface.cpp ..\..\FEBioMech\FEStiffnessMatrix.cpp ..\..\FEBioMech\FEStVenantKirchhoff.cpp ..\..\FEBioMech\FESurfaceConstraint.cpp ..\..\FEBioMech\FETCNonlinearOrthotropic.cpp ..\..\FEBioMech\FETendonMaterial.cpp ..\..\FEBioMech\FETiedContactSurface.cpp ..\..\FEBioMech\FETiedInterface.cpp ..\..\FEBioMech\FETractionLoad.cpp ..\..\FEBioMech\FETransIsoMooneyRivlin.cpp ..\..\FEBioMech\FETransIsoVerondaWestmann.cpp ..\..\FEBioMech\FETransverselyIsotropic.cpp ..\..\FEBioMech\FETrussMaterial.cpp ..\..\FEBioMech\FEUDGHexDomain.cpp ..\..\FEBioMech\FEUncoupledActiveContraction.cpp ..\..\FEBioMech\FEUncoupledElasticMixture.cpp ..\..\FEBioMech\FEUncoupledMaterial.cpp ..\..\FEBioMech\FEUncoupledViscoElasticMaterial.cpp ..\..\FEBioMech\FEUT4Domain.cpp ..\..\FEBioMech\FEVerondaWestmann.cpp ..\..\FEBioMech\FEViscoElasticMaterial.cpp ..\..\FEBioMech\FEVonMisesPlasticity.cpp
         FEVonMisesPlasticity.cpp
         FEViscoElasticMaterial.cpp
         FEVerondaWestmann.cpp
         FEUT4Domain.cpp
         FEUncoupledViscoElasticMaterial.cpp
         FEUncoupledMaterial.cpp
         FEUncoupledElasticMixture.cpp
         FEUncoupledActiveContraction.cpp
         FEUDGHexDomain.cpp
         FETrussMaterial.cpp
         FETransverselyIsotropic.cpp
         FETransIsoVerondaWestmann.cpp
         FETransIsoMooneyRivlin.cpp
         FETractionLoad.cpp
         FETiedInterface.cpp
         FETiedContactSurface.cpp
         FETendonMaterial.cpp
         FETCNonlinearOrthotropic.cpp
         FESurfaceConstraint.cpp
         FEStVenantKirchhoff.cpp
         Generating Code...
         Compiling...
         FEStiffnessMatrix.cpp
         FEStickyInterface.cpp
         FESPRProjection.cpp
         FESpringMaterial.cpp
         FESphericalFiberDistribution.cpp
         FESolidSolver.cpp
         FESolidDomainFactory.cpp
         FESolidMaterial.cpp
         FESolidAnalysis.cpp
         FESlidingInterfaceBW.cpp
         FESlidingInterface.cpp
         FERigidWallInterface.cpp
         FERigidSurface.cpp
         FERigidSolidDomain.cpp
         FERigidShellDomain.cpp
         FERigidMaterial.cpp
         FERigidJoint.cpp
         FEResidualVector.cpp
         FERemodelingElasticMaterial.cpp
         FERemodelingElasticDomain.cpp
         Generating Code...
         Compiling...
         FEPRLig.cpp
         FEPreStrainTransIsoMR.cpp
         FEPreStrainElastic.cpp
         FEPressureLoad.cpp
         FEPointConstraint.cpp
         FEPointBodyForce.cpp
         FEPeriodicBoundary.cpp
         FEPerfectOsmometer.cpp
         FEOrthoElastic.cpp
         FEOgdenUnconstrained.cpp
         FEOgdenMaterial.cpp
         FENeoHookeanTransIso.cpp
         FENeoHookean.cpp
         FEMuscleMaterial.cpp
         FEMRVonMisesFibers.cpp
         FEMooneyRivlin.cpp
         FEMicroMaterial.cpp
     1>c:\users\kbronik.annasach\desktop\working folder\test febio\febiosourceextendedversion2\febiosource2extended\febioxml\febioimport.h(99): warning C4996: 'sprintf': This function or variable may be unsafe. Consider using sprintf_s instead. To disable deprecation, use _CRT_SECURE_NO_WARNINGS. See online help for details.
                 c:\program files (x86)\microsoft visual studio 12.0\vc\include\stdio.h(356) : see declaration of 'sprintf'
     1>c:\users\kbronik.annasach\desktop\working folder\test febio\febiosourceextendedversion2\febiosource2extended\febioxml\febioimport.h(100): warning C4996: 'sprintf': This function or variable may be unsafe. Consider using sprintf_s instead. To disable deprecation, use _CRT_SECURE_NO_WARNINGS. See online help for details.
                 c:\program files (x86)\microsoft visual studio 12.0\vc\include\stdio.h(356) : see declaration of 'sprintf'
     1>c:\users\kbronik.annasach\desktop\working folder\test febio\febiosourceextendedversion2\febiosource2extended\febioxml\febioimport.h(101): warning C4996: 'sprintf': This function or variable may be unsafe. Consider using sprintf_s instead. To disable deprecation, use _CRT_SECURE_NO_WARNINGS. See online help for details.
                 c:\program files (x86)\microsoft visual studio 12.0\vc\include\stdio.h(356) : see declaration of 'sprintf'
         FELinearTransIso.cpp
         FELinearSolidSolver.cpp
         FELinearSolidDomain.cpp
         Generating Code...
         Compiling...
         FELinearOrthotropic.cpp
         FELinearElastic.cpp
         FEIsotropicElastic.cpp
         FEInSituStretch.cpp
         FEIncompNeoHookean.cpp
         FEHuiskesSupply.cpp
         FEHolmesMow.cpp
         FEGasserOgdenHolzapfel.cpp
         FEFungOrthotropic.cpp
         FEFungOrthoCompressible.cpp
         FEFiberNeoHookean.cpp
         FEFiberMaterial.cpp
         FEFiberIntegrationTrapezoidal.cpp
         FEFiberIntegrationScheme.cpp
         FEFiberIntegrationGeodesic.cpp
         FEFiberIntegrationGauss.cpp
         FEFiberExpPowUncoupled.cpp
         FEFiberExpPow.cpp
         FEFiberDensityDistribution.cpp
         FEFacet2FacetTied.cpp
         Generating Code...
         Compiling...
         FEFacet2FacetSliding.cpp
         FEExplicitSolidSolver.cpp
         FEEllipsoidalFiberDistribution.cpp
         FEElasticTrussDomain.cpp
         FEElasticSolidDomain.cpp
         FEElasticShellDomain.cpp
         FEElasticMultigeneration.cpp
         FEElasticMixture.cpp
         FEElasticMaterial.cpp
         FEElasticFiberMaterial.cpp
         FEEFDVerondaWestmann.cpp
         FEEFDUncoupled.cpp
         FEEFDNeoHookean.cpp
         FEEFDMooneyRivlin.cpp
         FEEFDDonnanEquilibrium.cpp
         FEEFD.cpp
         FEDonnanEquilibrium.cpp
         FEDiscreteSpringDomain.cpp
         FEDamageTransIsoMooneyRivlin.cpp
         FEDamageNeoHookean.cpp
         Generating Code...
         Compiling...
         FEDamageMooneyRivlin.cpp
         FECoupledVerondaWestmann.cpp
         FECoupledTransIsoVerondaWestmann.cpp
         FECoupledTransIsoMooneyRivlin.cpp
         FECoupledMooneyRivlin.cpp
         FEContinuousFiberDistribution.cpp
         FEContactSurface.cpp
         FEContactInterface.cpp
         FEConstBodyForce.cpp
         FECGSolidSolver.cpp
         FECellGrowth.cpp
         FECarterHayesOld.cpp
         FEBodyForce.cpp
         FEBioMechPlot.cpp
         FEBioMechData.cpp
         FEBioMech.cpp
         FEAugLagLinearConstraint.cpp
         FEArrudaBoyce.cpp
         FE3FieldElasticSolidDomain.cpp
         FE2DTransIsoVerondaWestmann.cpp
         Generating Code...
         Compiling...
         FE2DTransIsoMooneyRivlin.cpp
         FE2DFiberNeoHookean.cpp
         Generating Code...
       Lib:
         C:\Program Files (x86)\Microsoft Visual Studio 12.0\VC\bin\Lib.exe /OUT:"C:\Users\kbronik.ANNASACH\Desktop\working folder\test febio\febiosourceextendedversion2\febiosource2extended\VS2013\Debug\FEBioMechd.lib" /NOLOGO Debug\FE2DFiberNeoHookean.obj
         Debug\FE2DTransIsoMooneyRivlin.obj
         Debug\FE2DTransIsoVerondaWestmann.obj
         Debug\FE3FieldElasticSolidDomain.obj
         Debug\FEArrudaBoyce.obj
         Debug\FEAugLagLinearConstraint.obj
         Debug\FEBioMech.obj
         Debug\FEBioMechData.obj
         Debug\FEBioMechPlot.obj
         Debug\FEBodyForce.obj
         Debug\FECarterHayesOld.obj
         Debug\FECellGrowth.obj
         Debug\FECGSolidSolver.obj
         Debug\FEConstBodyForce.obj
         Debug\FEContactInterface.obj
         Debug\FEContactSurface.obj
         Debug\FEContinuousFiberDistribution.obj
         Debug\FECoupledMooneyRivlin.obj
         Debug\FECoupledTransIsoMooneyRivlin.obj
         Debug\FECoupledTransIsoVerondaWestmann.obj
         Debug\FECoupledVerondaWestmann.obj
         Debug\FEDamageMooneyRivlin.obj
         Debug\FEDamageNeoHookean.obj
         Debug\FEDamageTransIsoMooneyRivlin.obj
         Debug\FEDiscreteSpringDomain.obj
         Debug\FEDonnanEquilibrium.obj
         Debug\FEEFD.obj
         Debug\FEEFDDonnanEquilibrium.obj
         Debug\FEEFDMooneyRivlin.obj
         Debug\FEEFDNeoHookean.obj
         Debug\FEEFDUncoupled.obj
         Debug\FEEFDVerondaWestmann.obj
         Debug\FEElasticFiberMaterial.obj
         Debug\FEElasticMaterial.obj
         Debug\FEElasticMixture.obj
         Debug\FEElasticMultigeneration.obj
         Debug\FEElasticShellDomain.obj
         Debug\FEElasticSolidDomain.obj
         Debug\FEElasticTrussDomain.obj
         Debug\FEEllipsoidalFiberDistribution.obj
         Debug\FEExplicitSolidSolver.obj
         Debug\FEFacet2FacetSliding.obj
         Debug\FEFacet2FacetTied.obj
         Debug\FEFiberDensityDistribution.obj
         Debug\FEFiberExpPow.obj
         Debug\FEFiberExpPowUncoupled.obj
         Debug\FEFiberIntegrationGauss.obj
         Debug\FEFiberIntegrationGeodesic.obj
         Debug\FEFiberIntegrationScheme.obj
         Debug\FEFiberIntegrationTrapezoidal.obj
         Debug\FEFiberMaterial.obj
         Debug\FEFiberNeoHookean.obj
         Debug\FEFungOrthoCompressible.obj
         Debug\FEFungOrthotropic.obj
         Debug\FEGasserOgdenHolzapfel.obj
         Debug\FEHolmesMow.obj
         Debug\FEHuiskesSupply.obj
         Debug\FEIncompNeoHookean.obj
         Debug\FEInSituStretch.obj
         Debug\FEIsotropicElastic.obj
         Debug\FELinearElastic.obj
         Debug\FELinearOrthotropic.obj
         Debug\FELinearSolidDomain.obj
         Debug\FELinearSolidSolver.obj
         Debug\FELinearTransIso.obj
         Debug\FEMicroMaterial.obj
         Debug\FEMooneyRivlin.obj
         Debug\FEMRVonMisesFibers.obj
         Debug\FEMuscleMaterial.obj
         Debug\FENeoHookean.obj
         Debug\FENeoHookeanTransIso.obj
         Debug\FEOgdenMaterial.obj
         Debug\FEOgdenUnconstrained.obj
         Debug\FEOrthoElastic.obj
         Debug\FEPerfectOsmometer.obj
         Debug\FEPeriodicBoundary.obj
         Debug\FEPointBodyForce.obj
         Debug\FEPointConstraint.obj
         Debug\FEPressureLoad.obj
         Debug\FEPreStrainElastic.obj
         Debug\FEPreStrainTransIsoMR.obj
         Debug\FEPRLig.obj
         Debug\FERemodelingElasticDomain.obj
         Debug\FERemodelingElasticMaterial.obj
         Debug\FEResidualVector.obj
         Debug\FERigidJoint.obj
         Debug\FERigidMaterial.obj
         Debug\FERigidShellDomain.obj
         Debug\FERigidSolidDomain.obj
         Debug\FERigidSurface.obj
         Debug\FERigidWallInterface.obj
         Debug\FESlidingInterface.obj
         Debug\FESlidingInterfaceBW.obj
         Debug\FESolidAnalysis.obj
         Debug\FESolidMaterial.obj
         Debug\FESolidDomainFactory.obj
         Debug\FESolidSolver.obj
         Debug\FESphericalFiberDistribution.obj
         Debug\FESpringMaterial.obj
         Debug\FESPRProjection.obj
         Debug\FEStickyInterface.obj
         Debug\FEStiffnessMatrix.obj
         Debug\FEStVenantKirchhoff.obj
         Debug\FESurfaceConstraint.obj
         Debug\FETCNonlinearOrthotropic.obj
         Debug\FETendonMaterial.obj
         Debug\FETiedContactSurface.obj
         Debug\FETiedInterface.obj
         Debug\FETractionLoad.obj
         Debug\FETransIsoMooneyRivlin.obj
         Debug\FETransIsoVerondaWestmann.obj
         Debug\FETransverselyIsotropic.obj
         Debug\FETrussMaterial.obj
         Debug\FEUDGHexDomain.obj
         Debug\FEUncoupledActiveContraction.obj
         Debug\FEUncoupledElasticMixture.obj
         Debug\FEUncoupledMaterial.obj
         Debug\FEUncoupledViscoElasticMaterial.obj
         Debug\FEUT4Domain.obj
         Debug\FEVerondaWestmann.obj
         Debug\FEViscoElasticMaterial.obj
         Debug\FEVonMisesPlasticity.obj
         FEBioMech.vcxproj -> C:\Users\kbronik.ANNASACH\Desktop\working folder\test febio\febiosourceextendedversion2\febiosource2extended\VS2013\Debug\FEBioMechd.lib
       BscMake:
         C:\Program Files (x86)\Microsoft Visual Studio 12.0\VC\bin\bscmake.exe /nologo /o"C:\Users\kbronik.ANNASACH\Desktop\working folder\test febio\febiosourceextendedversion2\febiosource2extended\VS2013\Debug\FEBioMechd.bsc" /n Debug\FE2DFiberNeoHookean.sbr Debug\FE2DTransIsoMooneyRivlin.sbr Debug\FE2DTransIsoVerondaWestmann.sbr Debug\FE3FieldElasticSolidDomain.sbr Debug\FEArrudaBoyce.sbr Debug\FEAugLagLinearConstraint.sbr Debug\FEBioMech.sbr Debug\FEBioMechData.sbr Debug\FEBioMechPlot.sbr Debug\FEBodyForce.sbr Debug\FECarterHayesOld.sbr Debug\FECellGrowth.sbr Debug\FECGSolidSolver.sbr Debug\FEConstBodyForce.sbr Debug\FEContactInterface.sbr Debug\FEContactSurface.sbr Debug\FEContinuousFiberDistribution.sbr Debug\FECoupledMooneyRivlin.sbr Debug\FECoupledTransIsoMooneyRivlin.sbr Debug\FECoupledTransIsoVerondaWestmann.sbr Debug\FECoupledVerondaWestmann.sbr Debug\FEDamageMooneyRivlin.sbr Debug\FEDamageNeoHookean.sbr Debug\FEDamageTransIsoMooneyRivlin.sbr Debug\FEDiscreteSpringDomain.sbr Debug\FEDonnanEquilibrium.sbr Debug\FEEFD.sbr Debug\FEEFDDonnanEquilibrium.sbr Debug\FEEFDMooneyRivlin.sbr Debug\FEEFDNeoHookean.sbr Debug\FEEFDUncoupled.sbr Debug\FEEFDVerondaWestmann.sbr Debug\FEElasticFiberMaterial.sbr Debug\FEElasticMaterial.sbr Debug\FEElasticMixture.sbr Debug\FEElasticMultigeneration.sbr Debug\FEElasticShellDomain.sbr Debug\FEElasticSolidDomain.sbr Debug\FEElasticTrussDomain.sbr Debug\FEEllipsoidalFiberDistribution.sbr Debug\FEExplicitSolidSolver.sbr Debug\FEFacet2FacetSliding.sbr Debug\FEFacet2FacetTied.sbr Debug\FEFiberDensityDistribution.sbr Debug\FEFiberExpPow.sbr Debug\FEFiberExpPowUncoupled.sbr Debug\FEFiberIntegrationGauss.sbr Debug\FEFiberIntegrationGeodesic.sbr Debug\FEFiberIntegrationScheme.sbr Debug\FEFiberIntegrationTrapezoidal.sbr Debug\FEFiberMaterial.sbr Debug\FEFiberNeoHookean.sbr Debug\FEFungOrthoCompressible.sbr Debug\FEFungOrthotropic.sbr Debug\FEGasserOgdenHolzapfel.sbr Debug\FEHolmesMow.sbr Debug\FEHuiskesSupply.sbr Debug\FEIncompNeoHookean.sbr Debug\FEInSituStretch.sbr Debug\FEIsotropicElastic.sbr Debug\FELinearElastic.sbr Debug\FELinearOrthotropic.sbr Debug\FELinearSolidDomain.sbr Debug\FELinearSolidSolver.sbr Debug\FELinearTransIso.sbr Debug\FEMicroMaterial.sbr Debug\FEMooneyRivlin.sbr Debug\FEMRVonMisesFibers.sbr Debug\FEMuscleMaterial.sbr Debug\FENeoHookean.sbr Debug\FENeoHookeanTransIso.sbr Debug\FEOgdenMaterial.sbr Debug\FEOgdenUnconstrained.sbr Debug\FEOrthoElastic.sbr Debug\FEPerfectOsmometer.sbr Debug\FEPeriodicBoundary.sbr Debug\FEPointBodyForce.sbr Debug\FEPointConstraint.sbr Debug\FEPressureLoad.sbr Debug\FEPreStrainElastic.sbr Debug\FEPreStrainTransIsoMR.sbr Debug\FEPRLig.sbr Debug\FERemodelingElasticDomain.sbr Debug\FERemodelingElasticMaterial.sbr Debug\FEResidualVector.sbr Debug\FERigidJoint.sbr Debug\FERigidMaterial.sbr Debug\FERigidShellDomain.sbr Debug\FERigidSolidDomain.sbr Debug\FERigidSurface.sbr Debug\FERigidWallInterface.sbr Debug\FESlidingInterface.sbr Debug\FESlidingInterfaceBW.sbr Debug\FESolidAnalysis.sbr Debug\FESolidMaterial.sbr Debug\FESolidDomainFactory.sbr Debug\FESolidSolver.sbr Debug\FESphericalFiberDistribution.sbr Debug\FESpringMaterial.sbr Debug\FESPRProjection.sbr Debug\FEStickyInterface.sbr Debug\FEStiffnessMatrix.sbr Debug\FEStVenantKirchhoff.sbr Debug\FESurfaceConstraint.sbr Debug\FETCNonlinearOrthotropic.sbr Debug\FETendonMaterial.sbr Debug\FETiedContactSurface.sbr Debug\FETiedInterface.sbr Debug\FETractionLoad.sbr Debug\FETransIsoMooneyRivlin.sbr Debug\FETransIsoVerondaWestmann.sbr Debug\FETransverselyIsotropic.sbr Debug\FETrussMaterial.sbr Debug\FEUDGHexDomain.sbr Debug\FEUncoupledActiveContraction.sbr Debug\FEUncoupledElasticMixture.sbr Debug\FEUncoupledMaterial.sbr Debug\FEUncoupledViscoElasticMaterial.sbr Debug\FEUT4Domain.sbr Debug\FEVerondaWestmann.sbr Debug\FEViscoElasticMaterial.sbr Debug\FEVonMisesPlasticity.sbr
     1>Done Building Project "C:\Users\kbronik.ANNASACH\Desktop\working folder\test febio\febiosourceextendedversion2\febiosource2extended\VS2013\FEBioMech\FEBioMech.vcxproj" (Rebuild target(s)).

Build succeeded.

Time Elapsed 00:02:13.18
