c:\users\kevin\documents\febiosourcexxxx\vs2010\debug\febiolib.bsc
c:\users\kevin\documents\febiosourcexxxx\vs2010\febiolib\debug\vc120.pdb
c:\users\kevin\documents\febiosourcexxxx\vs2010\febiolib\debug\vc120.idb
c:\users\kevin\documents\febiosourcexxxx\vs2010\febiolib\debug\validate.sbr
c:\users\kevin\documents\febiosourcexxxx\vs2010\febiolib\debug\stdafx.sbr
c:\users\kevin\documents\febiosourcexxxx\vs2010\febiolib\debug\input.sbr
c:\users\kevin\documents\febiosourcexxxx\vs2010\febiolib\debug\initlibrary.sbr
c:\users\kevin\documents\febiosourcexxxx\vs2010\febiolib\debug\hello.sbr
c:\users\kevin\documents\febiosourcexxxx\vs2010\febiolib\debug\getapppath.sbr
c:\users\kevin\documents\febiosourcexxxx\vs2010\febiolib\debug\febox.sbr
c:\users\kevin\documents\febiosourcexxxx\vs2010\febiolib\debug\febiomodel.sbr
c:\users\kevin\documents\febiosourcexxxx\vs2010\febiolib\debug\febiomodel.obj
c:\users\kevin\documents\febiosourcexxxx\vs2010\febiolib\debug\febox.obj
c:\users\kevin\documents\febiosourcexxxx\vs2010\febiolib\debug\getapppath.obj
c:\users\kevin\documents\febiosourcexxxx\vs2010\febiolib\debug\hello.obj
c:\users\kevin\documents\febiosourcexxxx\vs2010\febiolib\debug\initlibrary.obj
c:\users\kevin\documents\febiosourcexxxx\vs2010\febiolib\debug\input.obj
c:\users\kevin\documents\febiosourcexxxx\vs2010\febiolib\debug\stdafx.obj
c:\users\kevin\documents\febiosourcexxxx\vs2010\febiolib\debug\validate.obj
c:\users\kevin\documents\febiosourcexxxx\vs2010\debug\febiolibd.lib
c:\users\kevin\documents\febiosourcexxxx\vs2010\febiolib\debug\febiolib.tlog\bscmake.command.1.tlog
c:\users\kevin\documents\febiosourcexxxx\vs2010\febiolib\debug\febiolib.tlog\bscmake.read.1.tlog
c:\users\kevin\documents\febiosourcexxxx\vs2010\febiolib\debug\febiolib.tlog\bscmake.write.1.tlog
c:\users\kevin\documents\febiosourcexxxx\vs2010\febiolib\debug\febiolib.tlog\cl.command.1.tlog
c:\users\kevin\documents\febiosourcexxxx\vs2010\febiolib\debug\febiolib.tlog\cl.read.1.tlog
c:\users\kevin\documents\febiosourcexxxx\vs2010\febiolib\debug\febiolib.tlog\cl.write.1.tlog
c:\users\kevin\documents\febiosourcexxxx\vs2010\febiolib\debug\febiolib.tlog\lib-link.read.1.tlog
c:\users\kevin\documents\febiosourcexxxx\vs2010\febiolib\debug\febiolib.tlog\lib-link.write.1.tlog
c:\users\kevin\documents\febiosourcexxxx\vs2010\febiolib\debug\febiolib.tlog\lib.command.1.tlog
